2025-09-15 16:03:11,408 - MainThread - sqlmesh.core.config.connection - INFO - Creating new DuckDB adapter for data files: {'md:champions_league_data'} (connection.py:489)
2025-09-15 16:03:11,917 - MainThread - sqlmesh.core.config.connection - INFO - Creating new DuckDB adapter for in-memory database (connection.py:491)
2025-09-15 16:03:11,917 - ThreadPoolExecutor-0_0 - sqlmesh.core.console - WARNING - Model '"champions_league_data"."sqlmesh_example"."full_model"' was not found at /Users/AaronHarkins/Python/SQLMesh_Motherduck/tests/test_full_model.yaml (console.py:2260)
2025-09-15 16:03:11,918 - MainThread - sqlmesh.core.config.connection - INFO - Using existing DuckDB adapter due to overlapping data file: md:champions_league_data (connection.py:479)
2025-09-15 16:03:11,919 - MainThread - sqlmesh.core.console - WARNING - The motherduck engine is not recommended for storing SQLMesh state in production deployments. Please see https://sqlmesh.readthedocs.io/en/stable/guides/configuration/#state-connection for a list of recommended engines and more information. (console.py:2260)
2025-09-15 16:03:20,946 - MainThread - sqlmesh.core.plan.evaluator - INFO - Evaluating plan stage CreateSnapshotRecordsStage (evaluator.py:125)
2025-09-15 16:03:21,337 - MainThread - sqlmesh.core.plan.evaluator - INFO - Evaluating plan stage PhysicalLayerSchemaCreationStage (evaluator.py:125)
2025-09-15 16:03:21,338 - MainThread - sqlmesh.core.snapshot.evaluator - INFO - Creating schema 'champions_league_data.sqlmesh__staging' (evaluator.py:1360)
2025-09-15 16:03:21,338 - MainThread - sqlmesh.core.engine_adapter.base - INFO - Executing SQL: /* SQLMESH_PLAN: ba6f2edf5922463b89a191c2c384c418 */ CREATE SCHEMA IF NOT EXISTS "champions_league_data"."sqlmesh__staging" (base.py:2466)
2025-09-15 16:03:21,377 - MainThread - sqlmesh.core.snapshot.evaluator - INFO - Creating schema 'champions_league_data.sqlmesh__intermediate' (evaluator.py:1360)
2025-09-15 16:03:21,377 - MainThread - sqlmesh.core.engine_adapter.base - INFO - Executing SQL: /* SQLMESH_PLAN: ba6f2edf5922463b89a191c2c384c418 */ CREATE SCHEMA IF NOT EXISTS "champions_league_data"."sqlmesh__intermediate" (base.py:2466)
2025-09-15 16:03:21,472 - MainThread - sqlmesh.core.plan.evaluator - INFO - Evaluating plan stage BackfillStage (evaluator.py:125)
2025-09-15 16:03:21,473 - MainThread - sqlmesh.core.snapshot.evaluator - INFO - Listing data objects in schema champions_league_data.sqlmesh__intermediate (evaluator.py:1463)
2025-09-15 16:03:21,473 - MainThread - sqlmesh.core.engine_adapter.base - INFO - Executing SQL: /* SQLMESH_PLAN: ba6f2edf5922463b89a191c2c384c418 */ SELECT CURRENT_CATALOG() (base.py:2466)
2025-09-15 16:03:21,476 - MainThread - sqlmesh.core.engine_adapter.base - INFO - Executing SQL: /* SQLMESH_PLAN: ba6f2edf5922463b89a191c2c384c418 */ SELECT CURRENT_CATALOG() (base.py:2466)
2025-09-15 16:03:21,477 - MainThread - sqlmesh.core.engine_adapter.base - INFO - Executing SQL: /* SQLMESH_PLAN: ba6f2edf5922463b89a191c2c384c418 */ SELECT table_name AS name, table_schema AS schema, CASE table_type WHEN 'BASE TABLE' THEN 'table' WHEN 'VIEW' THEN 'view' WHEN 'LOCAL TEMPORARY' THEN 'table' END AS type FROM system.information_schema.tables WHERE (table_catalog = 'champions_league_data' AND table_schema = 'sqlmesh__intermediate') AND table_name IN ('intermediate__int_ucl_teams__2329398551') (base.py:2466)
2025-09-15 16:03:21,492 - MainThread - sqlmesh.core.snapshot.evaluator - INFO - Listing data objects in schema champions_league_data.sqlmesh__staging (evaluator.py:1463)
2025-09-15 16:03:21,492 - MainThread - sqlmesh.core.engine_adapter.base - INFO - Executing SQL: /* SQLMESH_PLAN: ba6f2edf5922463b89a191c2c384c418 */ SELECT CURRENT_CATALOG() (base.py:2466)
2025-09-15 16:03:21,492 - MainThread - sqlmesh.core.engine_adapter.base - INFO - Executing SQL: /* SQLMESH_PLAN: ba6f2edf5922463b89a191c2c384c418 */ SELECT CURRENT_CATALOG() (base.py:2466)
2025-09-15 16:03:21,493 - MainThread - sqlmesh.core.engine_adapter.base - INFO - Executing SQL: /* SQLMESH_PLAN: ba6f2edf5922463b89a191c2c384c418 */ SELECT table_name AS name, table_schema AS schema, CASE table_type WHEN 'BASE TABLE' THEN 'table' WHEN 'VIEW' THEN 'view' WHEN 'LOCAL TEMPORARY' THEN 'table' END AS type FROM system.information_schema.tables WHERE (table_catalog = 'champions_league_data' AND table_schema = 'sqlmesh__staging') AND table_name IN ('staging__stg_ucl_squads__1660759538') (base.py:2466)
2025-09-15 16:03:21,496 - MainThread - sqlmesh.core.snapshot.evaluator - INFO - Evaluating snapshot SnapshotId<"champions_league_data"."intermediate"."int_ucl_teams": 3236720204> (evaluator.py:701)
2025-09-15 16:03:21,496 - MainThread - sqlmesh.core.snapshot.evaluator - INFO - Inserting data for snapshot SnapshotId<"champions_league_data"."intermediate"."int_ucl_teams": 3236720204> (evaluator.py:910)
2025-09-15 16:03:21,500 - MainThread - sqlmesh.core.snapshot.evaluator - INFO - Inserting batch (2025-08-31 00:00:00, 2025-09-07 00:00:00) into champions_league_data.sqlmesh__intermediate.intermediate__int_ucl_teams__2329398551' (evaluator.py:940)
2025-09-15 16:03:21,500 - MainThread - sqlmesh.core.engine_adapter.base - INFO - Executing SQL: /* SQLMESH_PLAN: ba6f2edf5922463b89a191c2c384c418 */ DESCRIBE "champions_league_data"."sqlmesh__intermediate"."intermediate__int_ucl_teams__2329398551" (base.py:2466)
2025-09-15 16:03:21,581 - MainThread - sqlmesh.core.engine_adapter.base - INFO - Executing SQL: /* SQLMESH_PLAN: ba6f2edf5922463b89a191c2c384c418 */ SELECT CURRENT_CATALOG() (base.py:2466)
2025-09-15 16:03:21,582 - MainThread - sqlmesh.core.engine_adapter.base - INFO - Executing SQL: /* SQLMESH_PLAN: ba6f2edf5922463b89a191c2c384c418 */ SELECT CURRENT_CATALOG() (base.py:2466)
2025-09-15 16:03:21,583 - MainThread - sqlmesh.core.engine_adapter.base - INFO - Executing SQL: /* SQLMESH_PLAN: ba6f2edf5922463b89a191c2c384c418 */ SELECT table_name AS name, table_schema AS schema, CASE table_type WHEN 'BASE TABLE' THEN 'table' WHEN 'VIEW' THEN 'view' WHEN 'LOCAL TEMPORARY' THEN 'table' END AS type FROM system.information_schema.tables WHERE (table_catalog = 'champions_league_data' AND table_schema = 'sqlmesh__intermediate') AND table_name IN ('intermediate__int_ucl_teams__2329398551') (base.py:2466)
2025-09-15 16:03:21,586 - MainThread - sqlmesh.core.engine_adapter.base - INFO - Executing SQL: /* SQLMESH_PLAN: ba6f2edf5922463b89a191c2c384c418 */ SELECT CURRENT_CATALOG() (base.py:2466)
2025-09-15 16:03:21,587 - MainThread - sqlmesh.core.engine_adapter.base - INFO - Executing SQL: /* SQLMESH_PLAN: ba6f2edf5922463b89a191c2c384c418 */ SELECT type FROM DUCKDB_DATABASES() WHERE database_name = 'champions_league_data' (base.py:2466)
2025-09-15 16:03:21,588 - MainThread - sqlmesh.core.engine_adapter.base - INFO - Executing SQL: /* SQLMESH_PLAN: ba6f2edf5922463b89a191c2c384c418 */ CREATE OR REPLACE TABLE "champions_league_data"."sqlmesh__intermediate"."intermediate__int_ucl_teams__2329398551" AS SELECT "area_name" AS "area_name", "team_id" AS "team_id", "team_name" AS "team_name", "team_short_name" AS "team_short_name", "team_tla" AS "team_tla", "team_address" AS "team_address", "team_venue" AS "team_venue", "coach_id" AS "coach_id", "coach_first_name" AS "coach_first_name", "coach_last_name" AS "coach_last_name", "coach_name" AS "coach_name", "coach_nationality" AS "coach_nationality", "coach_contract_start" AS "coach_contract_start", "coach_contract_until" AS "coach_contract_until", "lastupdated" AS "lastupdated", COALESCE("t"."latitude", "l"."latitude") AS "latitude", COALESCE("t"."longitude", "l"."longitude") AS "longitude", "r"."rank" AS "rank" FROM "champions_league_data"."sqlmesh__staging"."staging__stg_ucl_teams__1922017101" AS "t" JOIN "champions_league_data"."main"."ucl_teams_city_latlong" AS "l" ON "t"."team_id" = "l"."team_id" JOIN "champions_league_data"."main"."ucl_european_rankings" AS "r" ON "t"."team_id" = "r"."team_id" (base.py:2466)
2025-09-15 16:03:21,672 - MainThread - sqlmesh.core.snapshot.evaluator - INFO - Evaluating snapshot SnapshotId<"champions_league_data"."staging"."stg_ucl_squads": 2971406461> (evaluator.py:701)
2025-09-15 16:03:21,673 - MainThread - sqlmesh.core.snapshot.evaluator - INFO - Inserting data for snapshot SnapshotId<"champions_league_data"."staging"."stg_ucl_squads": 2971406461> (evaluator.py:910)
2025-09-15 16:03:21,676 - MainThread - sqlmesh.core.snapshot.evaluator - INFO - Inserting batch (2025-08-31 00:00:00, 2025-09-07 00:00:00) into champions_league_data.sqlmesh__staging.staging__stg_ucl_squads__1660759538' (evaluator.py:940)
2025-09-15 16:03:21,676 - MainThread - sqlmesh.core.engine_adapter.base - INFO - Executing SQL: /* SQLMESH_PLAN: ba6f2edf5922463b89a191c2c384c418 */ DESCRIBE "champions_league_data"."sqlmesh__staging"."staging__stg_ucl_squads__1660759538" (base.py:2466)
2025-09-15 16:03:21,756 - MainThread - sqlmesh.core.engine_adapter.base - INFO - Executing SQL: /* SQLMESH_PLAN: ba6f2edf5922463b89a191c2c384c418 */ SELECT CURRENT_CATALOG() (base.py:2466)
2025-09-15 16:03:21,757 - MainThread - sqlmesh.core.engine_adapter.base - INFO - Executing SQL: /* SQLMESH_PLAN: ba6f2edf5922463b89a191c2c384c418 */ SELECT CURRENT_CATALOG() (base.py:2466)
2025-09-15 16:03:21,759 - MainThread - sqlmesh.core.engine_adapter.base - INFO - Executing SQL: /* SQLMESH_PLAN: ba6f2edf5922463b89a191c2c384c418 */ SELECT table_name AS name, table_schema AS schema, CASE table_type WHEN 'BASE TABLE' THEN 'table' WHEN 'VIEW' THEN 'view' WHEN 'LOCAL TEMPORARY' THEN 'table' END AS type FROM system.information_schema.tables WHERE (table_catalog = 'champions_league_data' AND table_schema = 'sqlmesh__staging') AND table_name IN ('staging__stg_ucl_squads__1660759538') (base.py:2466)
2025-09-15 16:03:21,765 - MainThread - sqlmesh.core.engine_adapter.base - INFO - Executing SQL: /* SQLMESH_PLAN: ba6f2edf5922463b89a191c2c384c418 */ SELECT CURRENT_CATALOG() (base.py:2466)
2025-09-15 16:03:21,766 - MainThread - sqlmesh.core.engine_adapter.base - INFO - Executing SQL: /* SQLMESH_PLAN: ba6f2edf5922463b89a191c2c384c418 */ SELECT type FROM DUCKDB_DATABASES() WHERE database_name = 'champions_league_data' (base.py:2466)
2025-09-15 16:03:21,769 - MainThread - sqlmesh.core.engine_adapter.base - INFO - Executing SQL: /* SQLMESH_PLAN: ba6f2edf5922463b89a191c2c384c418 */ CREATE OR REPLACE TABLE "champions_league_data"."sqlmesh__staging"."staging__stg_ucl_squads__1660759538" AS SELECT "team_id" AS "team_id", "team_name" AS "team_name", "id" AS "player_id", "name" AS "player_name", "position" AS "position", "dateofbirth" AS "date_of_birth", "nationality" AS "nationality" FROM "champions_league_data"."main"."champions_league_team_squad" AS "champions_league_team_squad" (base.py:2466)
2025-09-15 16:03:21,890 - MainThread - sqlmesh.core.state_sync.db.facade - INFO - Adding interval (2025-08-31 00:00:00, 2025-09-07 00:00:00) for snapshot SnapshotId<"champions_league_data"."staging"."stg_ucl_squads": 2971406461> (facade.py:622)
2025-09-15 16:03:21,890 - MainThread - sqlmesh.core.state_sync.db.interval - INFO - Pushing intervals for snapshot SnapshotId<"champions_league_data"."staging"."stg_ucl_squads": 2971406461> (interval.py:214)
2025-09-15 16:03:22,203 - MainThread - sqlmesh.core.scheduler - INFO - Execution failed for node EvaluateNode(snapshot_name='"champions_league_data"."intermediate"."int_ucl_teams"', interval=(1756598400000, 1757203200000), batch_index=0) (scheduler.py:597)
Traceback (most recent call last):
  File "/Library/Frameworks/Python.framework/Versions/3.12/lib/python3.12/site-packages/sqlmesh/utils/concurrency.py", line 234, in sequential_apply_to_dag
    fn(node)
  File "/Library/Frameworks/Python.framework/Versions/3.12/lib/python3.12/site-packages/sqlmesh/core/scheduler.py", line 533, in run_node
    audit_results = self.evaluate(
                    ^^^^^^^^^^^^^^
  File "/Library/Frameworks/Python.framework/Versions/3.12/lib/python3.12/site-packages/sqlmesh/core/scheduler.py", line 229, in evaluate
    wap_id = self.snapshot_evaluator.evaluate(
             ^^^^^^^^^^^^^^^^^^^^^^^^^^^^^^^^^
  File "/Library/Frameworks/Python.framework/Versions/3.12/lib/python3.12/site-packages/sqlmesh/core/snapshot/evaluator.py", line 182, in evaluate
    result = self._evaluate_snapshot(
             ^^^^^^^^^^^^^^^^^^^^^^^^
  File "/Library/Frameworks/Python.framework/Versions/3.12/lib/python3.12/site-packages/sqlmesh/core/snapshot/evaluator.py", line 797, in _evaluate_snapshot
    self._render_and_insert_snapshot(
  File "/Library/Frameworks/Python.framework/Versions/3.12/lib/python3.12/site-packages/sqlmesh/core/snapshot/evaluator.py", line 990, in _render_and_insert_snapshot
    apply(query_or_df, index)
  File "/Library/Frameworks/Python.framework/Versions/3.12/lib/python3.12/site-packages/sqlmesh/core/snapshot/evaluator.py", line 946, in apply
    evaluation_strategy.insert(
  File "/Library/Frameworks/Python.framework/Versions/3.12/lib/python3.12/site-packages/sqlmesh/core/snapshot/evaluator.py", line 2116, in insert
    self._replace_query_for_model(model, table_name, query_or_df, render_kwargs, **kwargs)
  File "/Library/Frameworks/Python.framework/Versions/3.12/lib/python3.12/site-packages/sqlmesh/core/snapshot/evaluator.py", line 1864, in _replace_query_for_model
    self.adapter.replace_query(
  File "/Library/Frameworks/Python.framework/Versions/3.12/lib/python3.12/site-packages/sqlmesh/core/engine_adapter/shared.py", line 312, in internal_wrapper
    return func(*list_args, **kwargs)
           ^^^^^^^^^^^^^^^^^^^^^^^^^^
  File "/Library/Frameworks/Python.framework/Versions/3.12/lib/python3.12/site-packages/sqlmesh/core/engine_adapter/base.py", line 512, in replace_query
    return self._create_table_from_source_queries(
           ^^^^^^^^^^^^^^^^^^^^^^^^^^^^^^^^^^^^^^^
  File "/Library/Frameworks/Python.framework/Versions/3.12/lib/python3.12/site-packages/sqlmesh/core/engine_adapter/base.py", line 917, in _create_table_from_source_queries
    self._create_table(
  File "/Library/Frameworks/Python.framework/Versions/3.12/lib/python3.12/site-packages/sqlmesh/core/engine_adapter/duckdb.py", line 188, in _create_table
    super()._create_table(
  File "/Library/Frameworks/Python.framework/Versions/3.12/lib/python3.12/site-packages/sqlmesh/core/engine_adapter/base.py", line 960, in _create_table
    self.execute(
  File "/Library/Frameworks/Python.framework/Versions/3.12/lib/python3.12/site-packages/sqlmesh/core/engine_adapter/base.py", line 2443, in execute
    self._execute(sql, track_rows_processed, **kwargs)
  File "/Library/Frameworks/Python.framework/Versions/3.12/lib/python3.12/site-packages/sqlmesh/core/engine_adapter/base.py", line 2475, in _execute
    self.cursor.execute(sql, **kwargs)
duckdb.duckdb.BinderException: Binder Error: Ambiguous reference to column name "area_name" (use: "t.area_name" or "r.area_name")

The above exception was the direct cause of the following exception:

sqlmesh.utils.concurrency.NodeExecutionFailedError: Execution failed for node EvaluateNode(snapshot_name='"champions_league_data"."intermediate"."int_ucl_teams"', interval=(1756598400000, 1757203200000), batch_index=0)
2025-09-15 16:03:22,210 - MainThread - sqlmesh.core.context - INFO - Plan application failed. (context.py:1735)
Traceback (most recent call last):
  File "/Library/Frameworks/Python.framework/Versions/3.12/lib/python3.12/site-packages/sqlmesh/core/context.py", line 1727, in apply
    self._apply(plan, circuit_breaker)
  File "/Library/Frameworks/Python.framework/Versions/3.12/lib/python3.12/site-packages/sqlmesh/core/context.py", line 2519, in _apply
    self._scheduler.create_plan_evaluator(self).evaluate(
  File "/Library/Frameworks/Python.framework/Versions/3.12/lib/python3.12/site-packages/sqlmesh/core/plan/evaluator.py", line 107, in evaluate
    self._evaluate_stages(plan_stages, plan)
  File "/Library/Frameworks/Python.framework/Versions/3.12/lib/python3.12/site-packages/sqlmesh/core/plan/evaluator.py", line 127, in _evaluate_stages
    handler(stage, plan)
  File "/Library/Frameworks/Python.framework/Versions/3.12/lib/python3.12/site-packages/sqlmesh/core/plan/evaluator.py", line 265, in visit_backfill_stage
    raise PlanError("Plan application failed.")
sqlmesh.utils.errors.PlanError: Plan application failed.
2025-09-15 16:03:22,212 - MainThread - root - INFO - Shutting down the event dispatcher (dispatcher.py:159)
