2025-09-17 17:58:26,247 - MainThread - sqlmesh.core.config.connection - INFO - Creating new DuckDB adapter for data files: {'md:champions_league_data'} (connection.py:491)
2025-09-17 17:58:26,639 - MainThread - sqlmesh.core.config.connection - INFO - Creating new DuckDB adapter for in-memory database (connection.py:493)
2025-09-17 17:58:26,640 - ThreadPoolExecutor-0_0 - sqlmesh.core.console - WARNING - Model '"champions_league_data"."sqlmesh_example"."full_model"' was not found at /Users/AaronHarkins/Python/SQLMesh_Motherduck/tests/test_full_model.yaml (console.py:2335)
2025-09-17 17:58:26,641 - MainThread - sqlmesh.core.config.connection - INFO - Using existing DuckDB adapter due to overlapping data file: md:champions_league_data (connection.py:481)
2025-09-17 17:58:26,641 - MainThread - sqlmesh.core.console - WARNING - The motherduck engine is not recommended for storing SQLMesh state in production deployments. Please see https://sqlmesh.readthedocs.io/en/stable/guides/configuration/#state-connection for a list of recommended engines and more information. (console.py:2335)
2025-09-17 17:58:29,487 - MainThread - sqlmesh.core.plan.evaluator - INFO - Evaluating plan stage CreateSnapshotRecordsStage (evaluator.py:123)
2025-09-17 17:58:29,969 - MainThread - sqlmesh.core.plan.evaluator - INFO - Evaluating plan stage PhysicalLayerSchemaCreationStage (evaluator.py:123)
2025-09-17 17:58:29,970 - MainThread - sqlmesh.core.snapshot.evaluator - INFO - Creating schema 'champions_league_data.sqlmesh__snapshots' (evaluator.py:1374)
2025-09-17 17:58:29,971 - MainThread - sqlmesh.core.engine_adapter.base - INFO - Executing SQL: /* SQLMESH_PLAN: 368c747b275a4ce5a47a6c6799bdd012 */ CREATE SCHEMA IF NOT EXISTS "champions_league_data"."sqlmesh__snapshots" (base.py:2498)
2025-09-17 17:58:30,013 - MainThread - sqlmesh.core.snapshot.evaluator - INFO - Creating schema 'champions_league_data.sqlmesh__intermediate' (evaluator.py:1374)
2025-09-17 17:58:30,013 - MainThread - sqlmesh.core.engine_adapter.base - INFO - Executing SQL: /* SQLMESH_PLAN: 368c747b275a4ce5a47a6c6799bdd012 */ CREATE SCHEMA IF NOT EXISTS "champions_league_data"."sqlmesh__intermediate" (base.py:2498)
2025-09-17 17:58:30,054 - MainThread - sqlmesh.core.snapshot.evaluator - INFO - Creating schema 'champions_league_data.sqlmesh__facts' (evaluator.py:1374)
2025-09-17 17:58:30,055 - MainThread - sqlmesh.core.engine_adapter.base - INFO - Executing SQL: /* SQLMESH_PLAN: 368c747b275a4ce5a47a6c6799bdd012 */ CREATE SCHEMA IF NOT EXISTS "champions_league_data"."sqlmesh__facts" (base.py:2498)
2025-09-17 17:58:30,105 - MainThread - sqlmesh.core.snapshot.evaluator - INFO - Creating schema 'champions_league_data.sqlmesh__staging' (evaluator.py:1374)
2025-09-17 17:58:30,105 - MainThread - sqlmesh.core.engine_adapter.base - INFO - Executing SQL: /* SQLMESH_PLAN: 368c747b275a4ce5a47a6c6799bdd012 */ CREATE SCHEMA IF NOT EXISTS "champions_league_data"."sqlmesh__staging" (base.py:2498)
2025-09-17 17:58:30,144 - MainThread - sqlmesh.core.plan.evaluator - INFO - Evaluating plan stage BackfillStage (evaluator.py:123)
2025-09-17 17:58:30,146 - MainThread - sqlmesh.core.snapshot.evaluator - INFO - Listing data objects in schema champions_league_data.sqlmesh__snapshots (evaluator.py:1477)
2025-09-17 17:58:30,146 - MainThread - sqlmesh.core.engine_adapter.base - INFO - Executing SQL: /* SQLMESH_PLAN: 368c747b275a4ce5a47a6c6799bdd012 */ SELECT CURRENT_CATALOG() (base.py:2498)
2025-09-17 17:58:30,147 - MainThread - sqlmesh.core.engine_adapter.base - INFO - Executing SQL: /* SQLMESH_PLAN: 368c747b275a4ce5a47a6c6799bdd012 */ SELECT CURRENT_CATALOG() (base.py:2498)
2025-09-17 17:58:30,148 - MainThread - sqlmesh.core.engine_adapter.base - INFO - Executing SQL: /* SQLMESH_PLAN: 368c747b275a4ce5a47a6c6799bdd012 */ SELECT table_name AS name, table_schema AS schema, CASE table_type WHEN 'BASE TABLE' THEN 'table' WHEN 'VIEW' THEN 'view' WHEN 'LOCAL TEMPORARY' THEN 'table' END AS type FROM system.information_schema.tables WHERE (table_catalog = 'champions_league_data' AND table_schema = 'sqlmesh__snapshots') AND table_name IN ('snapshots__ucl_squad_snapshot__1362887480') (base.py:2498)
2025-09-17 17:58:30,162 - MainThread - sqlmesh.core.snapshot.evaluator - INFO - Evaluating snapshot SnapshotId<"champions_league_data"."snapshots"."ucl_squad_snapshot": 3832632480> (evaluator.py:700)
2025-09-17 17:58:30,162 - MainThread - sqlmesh.core.snapshot.evaluator - INFO - Inserting data for snapshot SnapshotId<"champions_league_data"."snapshots"."ucl_squad_snapshot": 3832632480> (evaluator.py:909)
2025-09-17 17:58:30,165 - MainThread - sqlmesh.core.snapshot.evaluator - INFO - Inserting batch (2025-08-01 00:00:00, 2025-09-01 00:00:00) into champions_league_data.sqlmesh__snapshots.snapshots__ucl_squad_snapshot__1362887480' (evaluator.py:939)
2025-09-17 17:58:30,165 - MainThread - sqlmesh.core.engine_adapter.base - INFO - Executing SQL: /* SQLMESH_PLAN: 368c747b275a4ce5a47a6c6799bdd012 */ DESCRIBE "champions_league_data"."sqlmesh__snapshots"."snapshots__ucl_squad_snapshot__1362887480" (base.py:2498)
2025-09-17 17:58:30,246 - MainThread - sqlmesh.core.engine_adapter.base - INFO - Executing SQL: /* SQLMESH_PLAN: 368c747b275a4ce5a47a6c6799bdd012 */ SELECT CURRENT_CATALOG() (base.py:2498)
2025-09-17 17:58:30,249 - MainThread - sqlmesh.core.engine_adapter.base - INFO - Executing SQL: /* SQLMESH_PLAN: 368c747b275a4ce5a47a6c6799bdd012 */ SELECT CURRENT_CATALOG() (base.py:2498)
2025-09-17 17:58:30,250 - MainThread - sqlmesh.core.engine_adapter.base - INFO - Executing SQL: /* SQLMESH_PLAN: 368c747b275a4ce5a47a6c6799bdd012 */ SELECT table_name AS name, table_schema AS schema, CASE table_type WHEN 'BASE TABLE' THEN 'table' WHEN 'VIEW' THEN 'view' WHEN 'LOCAL TEMPORARY' THEN 'table' END AS type FROM system.information_schema.tables WHERE (table_catalog = 'champions_league_data' AND table_schema = 'sqlmesh__snapshots') AND table_name IN ('snapshots__ucl_squad_snapshot__1362887480') (base.py:2498)
2025-09-17 17:58:30,256 - MainThread - sqlmesh.core.engine_adapter.base - INFO - Executing SQL: /* SQLMESH_PLAN: 368c747b275a4ce5a47a6c6799bdd012 */ SELECT CURRENT_CATALOG() (base.py:2498)
2025-09-17 17:58:30,257 - MainThread - sqlmesh.core.engine_adapter.base - INFO - Executing SQL: /* SQLMESH_PLAN: 368c747b275a4ce5a47a6c6799bdd012 */ SELECT type FROM DUCKDB_DATABASES() WHERE database_name = 'champions_league_data' (base.py:2498)
2025-09-17 17:58:30,258 - MainThread - sqlmesh.core.engine_adapter.base - INFO - Executing SQL: /* SQLMESH_PLAN: 368c747b275a4ce5a47a6c6799bdd012 */ CREATE OR REPLACE TABLE "champions_league_data"."sqlmesh__snapshots"."snapshots__ucl_squad_snapshot__1362887480" AS SELECT CURRENT_DATE AS "snapshot_date", "stg_ucl_squads"."team_id" AS "team_id", "stg_ucl_squads"."player_id" AS "player_id", "stg_ucl_squads"."player_name" AS "player_name", "stg_ucl_squads"."player_position" AS "player_position", "stg_ucl_squads"."player_nationality" AS "player_nationality", "stg_ucl_squads"."player_shirt_number" AS "player_shirt_number" FROM "champions_league_data"."sqlmesh__staging"."staging__stg_ucl_squads__845206470" AS "stg_ucl_squads" (base.py:2498)
2025-09-17 17:58:30,401 - MainThread - sqlmesh.core.state_sync.db.facade - INFO - Adding interval (2025-08-01 00:00:00, 2025-09-01 00:00:00) for snapshot SnapshotId<"champions_league_data"."snapshots"."ucl_squad_snapshot": 3832632480> (facade.py:623)
2025-09-17 17:58:30,401 - MainThread - sqlmesh.core.state_sync.db.interval - INFO - Pushing intervals for snapshot SnapshotId<"champions_league_data"."snapshots"."ucl_squad_snapshot": 3832632480> (interval.py:214)
2025-09-17 17:58:30,733 - MainThread - sqlmesh.core.plan.evaluator - INFO - Evaluating plan stage EnvironmentRecordUpdateStage (evaluator.py:123)
2025-09-17 17:58:30,733 - MainThread - sqlmesh.core.state_sync.db.facade - INFO - Promoting environment 'prod' (facade.py:166)
2025-09-17 17:58:31,340 - MainThread - sqlmesh.core.plan.evaluator - INFO - Evaluating plan stage UnpauseStage (evaluator.py:123)
2025-09-17 17:58:31,503 - MainThread - sqlmesh.core.plan.evaluator - INFO - Evaluating plan stage VirtualLayerUpdateStage (evaluator.py:123)
2025-09-17 17:58:31,512 - MainThread - sqlmesh.core.snapshot.evaluator - INFO - Creating schema 'champions_league_data.facts' (evaluator.py:1374)
2025-09-17 17:58:31,512 - MainThread - sqlmesh.core.engine_adapter.base - INFO - Executing SQL: /* SQLMESH_PLAN: 368c747b275a4ce5a47a6c6799bdd012 */ CREATE SCHEMA IF NOT EXISTS "champions_league_data"."facts" (base.py:2498)
2025-09-17 17:58:31,554 - MainThread - sqlmesh.core.snapshot.evaluator - INFO - Creating schema 'champions_league_data.staging' (evaluator.py:1374)
2025-09-17 17:58:31,555 - MainThread - sqlmesh.core.engine_adapter.base - INFO - Executing SQL: /* SQLMESH_PLAN: 368c747b275a4ce5a47a6c6799bdd012 */ CREATE SCHEMA IF NOT EXISTS "champions_league_data"."staging" (base.py:2498)
2025-09-17 17:58:31,598 - MainThread - sqlmesh.core.snapshot.evaluator - INFO - Creating schema 'champions_league_data.intermediate' (evaluator.py:1374)
2025-09-17 17:58:31,599 - MainThread - sqlmesh.core.engine_adapter.base - INFO - Executing SQL: /* SQLMESH_PLAN: 368c747b275a4ce5a47a6c6799bdd012 */ CREATE SCHEMA IF NOT EXISTS "champions_league_data"."intermediate" (base.py:2498)
2025-09-17 17:58:31,642 - MainThread - sqlmesh.core.snapshot.evaluator - INFO - Creating schema 'champions_league_data.snapshots' (evaluator.py:1374)
2025-09-17 17:58:31,643 - MainThread - sqlmesh.core.engine_adapter.base - INFO - Executing SQL: /* SQLMESH_PLAN: 368c747b275a4ce5a47a6c6799bdd012 */ CREATE SCHEMA IF NOT EXISTS "champions_league_data"."snapshots" (base.py:2498)
2025-09-17 17:58:31,687 - MainThread - sqlmesh.core.snapshot.evaluator - INFO - Updating view 'champions_league_data.staging.stg_ucl_latlong' to point at table 'champions_league_data.sqlmesh__staging.staging__stg_ucl_latlong__3331770713' (evaluator.py:1746)
2025-09-17 17:58:31,690 - MainThread - sqlmesh.core.engine_adapter.base - INFO - Executing SQL: /* SQLMESH_PLAN: 368c747b275a4ce5a47a6c6799bdd012 */ SELECT CURRENT_CATALOG() (base.py:2498)
2025-09-17 17:58:31,692 - MainThread - sqlmesh.core.engine_adapter.base - INFO - Executing SQL: /* SQLMESH_PLAN: 368c747b275a4ce5a47a6c6799bdd012 */ SELECT CURRENT_CATALOG() (base.py:2498)
2025-09-17 17:58:31,695 - MainThread - sqlmesh.core.engine_adapter.base - INFO - Executing SQL: /* SQLMESH_PLAN: 368c747b275a4ce5a47a6c6799bdd012 */ SELECT table_name AS name, table_schema AS schema, CASE table_type WHEN 'BASE TABLE' THEN 'table' WHEN 'VIEW' THEN 'view' WHEN 'LOCAL TEMPORARY' THEN 'table' END AS type FROM system.information_schema.tables WHERE (table_catalog = 'champions_league_data' AND table_schema = 'staging') AND table_name IN ('stg_ucl_latlong') (base.py:2498)
2025-09-17 17:58:31,705 - MainThread - sqlmesh.core.engine_adapter.base - INFO - Executing SQL: /* SQLMESH_PLAN: 368c747b275a4ce5a47a6c6799bdd012 */ CREATE OR REPLACE VIEW "champions_league_data"."staging"."stg_ucl_latlong" AS SELECT * FROM "champions_league_data"."sqlmesh__staging"."staging__stg_ucl_latlong__3331770713" (base.py:2498)
2025-09-17 17:58:31,832 - MainThread - sqlmesh.core.engine_adapter.base - INFO - Executing SQL: /* SQLMESH_PLAN: 368c747b275a4ce5a47a6c6799bdd012 */ COMMENT ON COLUMN "champions_league_data"."staging"."stg_ucl_latlong"."team_id" IS 'Latitude: negative if ''S''' (base.py:2498)
2025-09-17 17:58:31,955 - MainThread - sqlmesh.core.snapshot.evaluator - INFO - Updating view 'champions_league_data.staging.stg_ucl_matches' to point at table 'champions_league_data.sqlmesh__staging.staging__stg_ucl_matches__2043582137' (evaluator.py:1746)
2025-09-17 17:58:31,956 - MainThread - sqlmesh.core.engine_adapter.base - INFO - Executing SQL: /* SQLMESH_PLAN: 368c747b275a4ce5a47a6c6799bdd012 */ SELECT CURRENT_CATALOG() (base.py:2498)
2025-09-17 17:58:31,957 - MainThread - sqlmesh.core.engine_adapter.base - INFO - Executing SQL: /* SQLMESH_PLAN: 368c747b275a4ce5a47a6c6799bdd012 */ SELECT CURRENT_CATALOG() (base.py:2498)
2025-09-17 17:58:31,958 - MainThread - sqlmesh.core.engine_adapter.base - INFO - Executing SQL: /* SQLMESH_PLAN: 368c747b275a4ce5a47a6c6799bdd012 */ SELECT table_name AS name, table_schema AS schema, CASE table_type WHEN 'BASE TABLE' THEN 'table' WHEN 'VIEW' THEN 'view' WHEN 'LOCAL TEMPORARY' THEN 'table' END AS type FROM system.information_schema.tables WHERE (table_catalog = 'champions_league_data' AND table_schema = 'staging') AND table_name IN ('stg_ucl_matches') (base.py:2498)
2025-09-17 17:58:31,963 - MainThread - sqlmesh.core.engine_adapter.base - INFO - Executing SQL: /* SQLMESH_PLAN: 368c747b275a4ce5a47a6c6799bdd012 */ CREATE OR REPLACE VIEW "champions_league_data"."staging"."stg_ucl_matches" AS SELECT * FROM "champions_league_data"."sqlmesh__staging"."staging__stg_ucl_matches__2043582137" (base.py:2498)
2025-09-17 17:58:32,086 - MainThread - sqlmesh.core.snapshot.evaluator - INFO - Updating view 'champions_league_data.staging.stg_ucl_squads' to point at table 'champions_league_data.sqlmesh__staging.staging__stg_ucl_squads__845206470' (evaluator.py:1746)
2025-09-17 17:58:32,087 - MainThread - sqlmesh.core.engine_adapter.base - INFO - Executing SQL: /* SQLMESH_PLAN: 368c747b275a4ce5a47a6c6799bdd012 */ SELECT CURRENT_CATALOG() (base.py:2498)
2025-09-17 17:58:32,087 - MainThread - sqlmesh.core.engine_adapter.base - INFO - Executing SQL: /* SQLMESH_PLAN: 368c747b275a4ce5a47a6c6799bdd012 */ SELECT CURRENT_CATALOG() (base.py:2498)
2025-09-17 17:58:32,088 - MainThread - sqlmesh.core.engine_adapter.base - INFO - Executing SQL: /* SQLMESH_PLAN: 368c747b275a4ce5a47a6c6799bdd012 */ SELECT table_name AS name, table_schema AS schema, CASE table_type WHEN 'BASE TABLE' THEN 'table' WHEN 'VIEW' THEN 'view' WHEN 'LOCAL TEMPORARY' THEN 'table' END AS type FROM system.information_schema.tables WHERE (table_catalog = 'champions_league_data' AND table_schema = 'staging') AND table_name IN ('stg_ucl_squads') (base.py:2498)
2025-09-17 17:58:32,092 - MainThread - sqlmesh.core.engine_adapter.base - INFO - Executing SQL: /* SQLMESH_PLAN: 368c747b275a4ce5a47a6c6799bdd012 */ CREATE OR REPLACE VIEW "champions_league_data"."staging"."stg_ucl_squads" AS SELECT * FROM "champions_league_data"."sqlmesh__staging"."staging__stg_ucl_squads__845206470" (base.py:2498)
2025-09-17 17:58:32,213 - MainThread - sqlmesh.core.snapshot.evaluator - INFO - Updating view 'champions_league_data.staging.stg_ucl_teams' to point at table 'champions_league_data.sqlmesh__staging.staging__stg_ucl_teams__1831555003' (evaluator.py:1746)
2025-09-17 17:58:32,213 - MainThread - sqlmesh.core.engine_adapter.base - INFO - Executing SQL: /* SQLMESH_PLAN: 368c747b275a4ce5a47a6c6799bdd012 */ SELECT CURRENT_CATALOG() (base.py:2498)
2025-09-17 17:58:32,215 - MainThread - sqlmesh.core.engine_adapter.base - INFO - Executing SQL: /* SQLMESH_PLAN: 368c747b275a4ce5a47a6c6799bdd012 */ SELECT CURRENT_CATALOG() (base.py:2498)
2025-09-17 17:58:32,216 - MainThread - sqlmesh.core.engine_adapter.base - INFO - Executing SQL: /* SQLMESH_PLAN: 368c747b275a4ce5a47a6c6799bdd012 */ SELECT table_name AS name, table_schema AS schema, CASE table_type WHEN 'BASE TABLE' THEN 'table' WHEN 'VIEW' THEN 'view' WHEN 'LOCAL TEMPORARY' THEN 'table' END AS type FROM system.information_schema.tables WHERE (table_catalog = 'champions_league_data' AND table_schema = 'staging') AND table_name IN ('stg_ucl_teams') (base.py:2498)
2025-09-17 17:58:32,221 - MainThread - sqlmesh.core.engine_adapter.base - INFO - Executing SQL: /* SQLMESH_PLAN: 368c747b275a4ce5a47a6c6799bdd012 */ CREATE OR REPLACE VIEW "champions_league_data"."staging"."stg_ucl_teams" AS SELECT * FROM "champions_league_data"."sqlmesh__staging"."staging__stg_ucl_teams__1831555003" (base.py:2498)
2025-09-17 17:58:32,356 - MainThread - sqlmesh.core.snapshot.evaluator - INFO - Updating view 'champions_league_data.intermediate.int_ucl_teams' to point at table 'champions_league_data.sqlmesh__intermediate.intermediate__int_ucl_teams__1292453979' (evaluator.py:1746)
2025-09-17 17:58:32,356 - MainThread - sqlmesh.core.engine_adapter.base - INFO - Executing SQL: /* SQLMESH_PLAN: 368c747b275a4ce5a47a6c6799bdd012 */ SELECT CURRENT_CATALOG() (base.py:2498)
2025-09-17 17:58:32,357 - MainThread - sqlmesh.core.engine_adapter.base - INFO - Executing SQL: /* SQLMESH_PLAN: 368c747b275a4ce5a47a6c6799bdd012 */ SELECT CURRENT_CATALOG() (base.py:2498)
2025-09-17 17:58:32,358 - MainThread - sqlmesh.core.engine_adapter.base - INFO - Executing SQL: /* SQLMESH_PLAN: 368c747b275a4ce5a47a6c6799bdd012 */ SELECT table_name AS name, table_schema AS schema, CASE table_type WHEN 'BASE TABLE' THEN 'table' WHEN 'VIEW' THEN 'view' WHEN 'LOCAL TEMPORARY' THEN 'table' END AS type FROM system.information_schema.tables WHERE (table_catalog = 'champions_league_data' AND table_schema = 'intermediate') AND table_name IN ('int_ucl_teams') (base.py:2498)
2025-09-17 17:58:32,362 - MainThread - sqlmesh.core.engine_adapter.base - INFO - Executing SQL: /* SQLMESH_PLAN: 368c747b275a4ce5a47a6c6799bdd012 */ CREATE OR REPLACE VIEW "champions_league_data"."intermediate"."int_ucl_teams" AS SELECT * FROM "champions_league_data"."sqlmesh__intermediate"."intermediate__int_ucl_teams__1292453979" (base.py:2498)
2025-09-17 17:58:32,484 - MainThread - sqlmesh.core.snapshot.evaluator - INFO - Updating view 'champions_league_data.snapshots.ucl_squad_snapshot' to point at table 'champions_league_data.sqlmesh__snapshots.snapshots__ucl_squad_snapshot__1362887480' (evaluator.py:1746)
2025-09-17 17:58:32,484 - MainThread - sqlmesh.core.engine_adapter.base - INFO - Executing SQL: /* SQLMESH_PLAN: 368c747b275a4ce5a47a6c6799bdd012 */ SELECT CURRENT_CATALOG() (base.py:2498)
2025-09-17 17:58:32,484 - MainThread - sqlmesh.core.engine_adapter.base - INFO - Executing SQL: /* SQLMESH_PLAN: 368c747b275a4ce5a47a6c6799bdd012 */ SELECT CURRENT_CATALOG() (base.py:2498)
2025-09-17 17:58:32,485 - MainThread - sqlmesh.core.engine_adapter.base - INFO - Executing SQL: /* SQLMESH_PLAN: 368c747b275a4ce5a47a6c6799bdd012 */ SELECT table_name AS name, table_schema AS schema, CASE table_type WHEN 'BASE TABLE' THEN 'table' WHEN 'VIEW' THEN 'view' WHEN 'LOCAL TEMPORARY' THEN 'table' END AS type FROM system.information_schema.tables WHERE (table_catalog = 'champions_league_data' AND table_schema = 'snapshots') AND table_name IN ('ucl_squad_snapshot') (base.py:2498)
2025-09-17 17:58:32,489 - MainThread - sqlmesh.core.engine_adapter.base - INFO - Executing SQL: /* SQLMESH_PLAN: 368c747b275a4ce5a47a6c6799bdd012 */ CREATE OR REPLACE VIEW "champions_league_data"."snapshots"."ucl_squad_snapshot" AS SELECT * FROM "champions_league_data"."sqlmesh__snapshots"."snapshots__ucl_squad_snapshot__1362887480" (base.py:2498)
2025-09-17 17:58:32,616 - MainThread - sqlmesh.core.snapshot.evaluator - INFO - Updating view 'champions_league_data.intermediate.int_ucl_matches' to point at table 'champions_league_data.sqlmesh__intermediate.intermediate__int_ucl_matches__2049823413' (evaluator.py:1746)
2025-09-17 17:58:32,617 - MainThread - sqlmesh.core.engine_adapter.base - INFO - Executing SQL: /* SQLMESH_PLAN: 368c747b275a4ce5a47a6c6799bdd012 */ SELECT CURRENT_CATALOG() (base.py:2498)
2025-09-17 17:58:32,617 - MainThread - sqlmesh.core.engine_adapter.base - INFO - Executing SQL: /* SQLMESH_PLAN: 368c747b275a4ce5a47a6c6799bdd012 */ SELECT CURRENT_CATALOG() (base.py:2498)
2025-09-17 17:58:32,618 - MainThread - sqlmesh.core.engine_adapter.base - INFO - Executing SQL: /* SQLMESH_PLAN: 368c747b275a4ce5a47a6c6799bdd012 */ SELECT table_name AS name, table_schema AS schema, CASE table_type WHEN 'BASE TABLE' THEN 'table' WHEN 'VIEW' THEN 'view' WHEN 'LOCAL TEMPORARY' THEN 'table' END AS type FROM system.information_schema.tables WHERE (table_catalog = 'champions_league_data' AND table_schema = 'intermediate') AND table_name IN ('int_ucl_matches') (base.py:2498)
2025-09-17 17:58:32,624 - MainThread - sqlmesh.core.engine_adapter.base - INFO - Executing SQL: /* SQLMESH_PLAN: 368c747b275a4ce5a47a6c6799bdd012 */ CREATE OR REPLACE VIEW "champions_league_data"."intermediate"."int_ucl_matches" AS SELECT * FROM "champions_league_data"."sqlmesh__intermediate"."intermediate__int_ucl_matches__2049823413" (base.py:2498)
2025-09-17 17:58:32,737 - MainThread - sqlmesh.core.snapshot.evaluator - INFO - Updating view 'champions_league_data.snapshots.ucl_team_snapshot' to point at table 'champions_league_data.sqlmesh__snapshots.snapshots__ucl_team_snapshot__1715290969' (evaluator.py:1746)
2025-09-17 17:58:32,737 - MainThread - sqlmesh.core.engine_adapter.base - INFO - Executing SQL: /* SQLMESH_PLAN: 368c747b275a4ce5a47a6c6799bdd012 */ SELECT CURRENT_CATALOG() (base.py:2498)
2025-09-17 17:58:32,738 - MainThread - sqlmesh.core.engine_adapter.base - INFO - Executing SQL: /* SQLMESH_PLAN: 368c747b275a4ce5a47a6c6799bdd012 */ SELECT CURRENT_CATALOG() (base.py:2498)
2025-09-17 17:58:32,739 - MainThread - sqlmesh.core.engine_adapter.base - INFO - Executing SQL: /* SQLMESH_PLAN: 368c747b275a4ce5a47a6c6799bdd012 */ SELECT table_name AS name, table_schema AS schema, CASE table_type WHEN 'BASE TABLE' THEN 'table' WHEN 'VIEW' THEN 'view' WHEN 'LOCAL TEMPORARY' THEN 'table' END AS type FROM system.information_schema.tables WHERE (table_catalog = 'champions_league_data' AND table_schema = 'snapshots') AND table_name IN ('ucl_team_snapshot') (base.py:2498)
2025-09-17 17:58:32,742 - MainThread - sqlmesh.core.engine_adapter.base - INFO - Executing SQL: /* SQLMESH_PLAN: 368c747b275a4ce5a47a6c6799bdd012 */ CREATE OR REPLACE VIEW "champions_league_data"."snapshots"."ucl_team_snapshot" AS SELECT * FROM "champions_league_data"."sqlmesh__snapshots"."snapshots__ucl_team_snapshot__1715290969" (base.py:2498)
2025-09-17 17:58:32,866 - MainThread - sqlmesh.core.snapshot.evaluator - INFO - Updating view 'champions_league_data.facts.fct_ucl_league_standings' to point at table 'champions_league_data.sqlmesh__facts.facts__fct_ucl_league_standings__3223561462' (evaluator.py:1746)
2025-09-17 17:58:32,867 - MainThread - sqlmesh.core.engine_adapter.base - INFO - Executing SQL: /* SQLMESH_PLAN: 368c747b275a4ce5a47a6c6799bdd012 */ SELECT CURRENT_CATALOG() (base.py:2498)
2025-09-17 17:58:32,867 - MainThread - sqlmesh.core.engine_adapter.base - INFO - Executing SQL: /* SQLMESH_PLAN: 368c747b275a4ce5a47a6c6799bdd012 */ SELECT CURRENT_CATALOG() (base.py:2498)
2025-09-17 17:58:32,868 - MainThread - sqlmesh.core.engine_adapter.base - INFO - Executing SQL: /* SQLMESH_PLAN: 368c747b275a4ce5a47a6c6799bdd012 */ SELECT table_name AS name, table_schema AS schema, CASE table_type WHEN 'BASE TABLE' THEN 'table' WHEN 'VIEW' THEN 'view' WHEN 'LOCAL TEMPORARY' THEN 'table' END AS type FROM system.information_schema.tables WHERE (table_catalog = 'champions_league_data' AND table_schema = 'facts') AND table_name IN ('fct_ucl_league_standings') (base.py:2498)
2025-09-17 17:58:32,872 - MainThread - sqlmesh.core.engine_adapter.base - INFO - Executing SQL: /* SQLMESH_PLAN: 368c747b275a4ce5a47a6c6799bdd012 */ CREATE OR REPLACE VIEW "champions_league_data"."facts"."fct_ucl_league_standings" AS SELECT * FROM "champions_league_data"."sqlmesh__facts"."facts__fct_ucl_league_standings__3223561462" (base.py:2498)
2025-09-17 17:58:32,983 - MainThread - sqlmesh.core.snapshot.evaluator - INFO - Updating view 'champions_league_data.snapshots.ucl_matches_snapshot' to point at table 'champions_league_data.sqlmesh__snapshots.snapshots__ucl_matches_snapshot__2584317657' (evaluator.py:1746)
2025-09-17 17:58:32,983 - MainThread - sqlmesh.core.engine_adapter.base - INFO - Executing SQL: /* SQLMESH_PLAN: 368c747b275a4ce5a47a6c6799bdd012 */ SELECT CURRENT_CATALOG() (base.py:2498)
2025-09-17 17:58:32,984 - MainThread - sqlmesh.core.engine_adapter.base - INFO - Executing SQL: /* SQLMESH_PLAN: 368c747b275a4ce5a47a6c6799bdd012 */ SELECT CURRENT_CATALOG() (base.py:2498)
2025-09-17 17:58:32,985 - MainThread - sqlmesh.core.engine_adapter.base - INFO - Executing SQL: /* SQLMESH_PLAN: 368c747b275a4ce5a47a6c6799bdd012 */ SELECT table_name AS name, table_schema AS schema, CASE table_type WHEN 'BASE TABLE' THEN 'table' WHEN 'VIEW' THEN 'view' WHEN 'LOCAL TEMPORARY' THEN 'table' END AS type FROM system.information_schema.tables WHERE (table_catalog = 'champions_league_data' AND table_schema = 'snapshots') AND table_name IN ('ucl_matches_snapshot') (base.py:2498)
2025-09-17 17:58:32,988 - MainThread - sqlmesh.core.engine_adapter.base - INFO - Executing SQL: /* SQLMESH_PLAN: 368c747b275a4ce5a47a6c6799bdd012 */ CREATE OR REPLACE VIEW "champions_league_data"."snapshots"."ucl_matches_snapshot" AS SELECT * FROM "champions_league_data"."sqlmesh__snapshots"."snapshots__ucl_matches_snapshot__2584317657" (base.py:2498)
2025-09-17 17:58:33,101 - MainThread - sqlmesh.core.plan.evaluator - INFO - Evaluating plan stage FinalizeEnvironmentStage (evaluator.py:123)
2025-09-17 17:58:33,102 - MainThread - sqlmesh.core.state_sync.db.environment - INFO - Finalizing environment 'prod' (environment.py:141)
2025-09-17 17:58:33,197 - MainThread - root - INFO - Shutting down the event dispatcher (dispatcher.py:159)
