2025-09-13 12:07:49,267 - MainThread - sqlmesh.core.config.connection - INFO - Creating new DuckDB adapter for data files: {'md:champions_league_data'} (connection.py:489)
2025-09-13 12:07:49,611 - MainThread - sqlmesh.core.config.connection - INFO - Creating new DuckDB adapter for in-memory database (connection.py:491)
2025-09-13 12:07:49,667 - MainThread - sqlmesh.core.config.connection - INFO - Using existing DuckDB adapter due to overlapping data file: md:champions_league_data (connection.py:479)
2025-09-13 12:07:49,667 - MainThread - sqlmesh.core.console - WARNING - The motherduck engine is not recommended for storing SQLMesh state in production deployments. Please see https://sqlmesh.readthedocs.io/en/stable/guides/configuration/#state-connection for a list of recommended engines and more information. (console.py:2260)
2025-09-13 12:07:51,672 - MainThread - sqlmesh.core.state_sync.db.migrator - INFO - Applying migration <module 'sqlmesh.migrations.v0000_baseline' from '/Library/Frameworks/Python.framework/Versions/3.12/lib/python3.12/site-packages/sqlmesh/migrations/v0000_baseline.py'> (migrator.py:186)
2025-09-13 12:07:52,194 - MainThread - sqlmesh.core.state_sync.db.migrator - INFO - Applying migration <module 'sqlmesh.migrations.v0061_mysql_fix_blob_text_type' from '/Library/Frameworks/Python.framework/Versions/3.12/lib/python3.12/site-packages/sqlmesh/migrations/v0061_mysql_fix_blob_text_type.py'> (migrator.py:186)
2025-09-13 12:07:52,194 - MainThread - sqlmesh.core.state_sync.db.migrator - INFO - Applying migration <module 'sqlmesh.migrations.v0062_add_model_gateway' from '/Library/Frameworks/Python.framework/Versions/3.12/lib/python3.12/site-packages/sqlmesh/migrations/v0062_add_model_gateway.py'> (migrator.py:186)
2025-09-13 12:07:52,194 - MainThread - sqlmesh.core.state_sync.db.migrator - INFO - Applying migration <module 'sqlmesh.migrations.v0063_change_signals' from '/Library/Frameworks/Python.framework/Versions/3.12/lib/python3.12/site-packages/sqlmesh/migrations/v0063_change_signals.py'> (migrator.py:186)
2025-09-13 12:07:52,194 - MainThread - sqlmesh.core.state_sync.db.migrator - INFO - Applying migration <module 'sqlmesh.migrations.v0064_join_when_matched_strings' from '/Library/Frameworks/Python.framework/Versions/3.12/lib/python3.12/site-packages/sqlmesh/migrations/v0064_join_when_matched_strings.py'> (migrator.py:186)
2025-09-13 12:07:52,194 - MainThread - sqlmesh.core.state_sync.db.migrator - INFO - Applying migration <module 'sqlmesh.migrations.v0065_add_model_optimize' from '/Library/Frameworks/Python.framework/Versions/3.12/lib/python3.12/site-packages/sqlmesh/migrations/v0065_add_model_optimize.py'> (migrator.py:186)
2025-09-13 12:07:52,195 - MainThread - sqlmesh.core.state_sync.db.migrator - INFO - Applying migration <module 'sqlmesh.migrations.v0066_add_auto_restatements' from '/Library/Frameworks/Python.framework/Versions/3.12/lib/python3.12/site-packages/sqlmesh/migrations/v0066_add_auto_restatements.py'> (migrator.py:186)
2025-09-13 12:07:52,381 - MainThread - sqlmesh.core.state_sync.db.migrator - INFO - Applying migration <module 'sqlmesh.migrations.v0067_add_tsql_date_full_precision' from '/Library/Frameworks/Python.framework/Versions/3.12/lib/python3.12/site-packages/sqlmesh/migrations/v0067_add_tsql_date_full_precision.py'> (migrator.py:186)
2025-09-13 12:07:52,382 - MainThread - sqlmesh.core.state_sync.db.migrator - INFO - Applying migration <module 'sqlmesh.migrations.v0068_include_unrendered_query_in_metadata_hash' from '/Library/Frameworks/Python.framework/Versions/3.12/lib/python3.12/site-packages/sqlmesh/migrations/v0068_include_unrendered_query_in_metadata_hash.py'> (migrator.py:186)
2025-09-13 12:07:52,382 - MainThread - sqlmesh.core.state_sync.db.migrator - INFO - Applying migration <module 'sqlmesh.migrations.v0069_update_dev_table_suffix' from '/Library/Frameworks/Python.framework/Versions/3.12/lib/python3.12/site-packages/sqlmesh/migrations/v0069_update_dev_table_suffix.py'> (migrator.py:186)
2025-09-13 12:07:52,382 - MainThread - sqlmesh.core.state_sync.db.migrator - INFO - Applying migration <module 'sqlmesh.migrations.v0070_include_grains_in_metadata_hash' from '/Library/Frameworks/Python.framework/Versions/3.12/lib/python3.12/site-packages/sqlmesh/migrations/v0070_include_grains_in_metadata_hash.py'> (migrator.py:186)
2025-09-13 12:07:52,382 - MainThread - sqlmesh.core.state_sync.db.migrator - INFO - Applying migration <module 'sqlmesh.migrations.v0071_add_dev_version_to_intervals' from '/Library/Frameworks/Python.framework/Versions/3.12/lib/python3.12/site-packages/sqlmesh/migrations/v0071_add_dev_version_to_intervals.py'> (migrator.py:186)
2025-09-13 12:07:52,472 - MainThread - sqlmesh.core.state_sync.db.migrator - INFO - Applying migration <module 'sqlmesh.migrations.v0072_add_environment_statements' from '/Library/Frameworks/Python.framework/Versions/3.12/lib/python3.12/site-packages/sqlmesh/migrations/v0072_add_environment_statements.py'> (migrator.py:186)
2025-09-13 12:07:52,566 - MainThread - sqlmesh.core.state_sync.db.migrator - INFO - Applying migration <module 'sqlmesh.migrations.v0073_remove_symbolic_disable_restatement' from '/Library/Frameworks/Python.framework/Versions/3.12/lib/python3.12/site-packages/sqlmesh/migrations/v0073_remove_symbolic_disable_restatement.py'> (migrator.py:186)
2025-09-13 12:07:52,566 - MainThread - sqlmesh.core.state_sync.db.migrator - INFO - Applying migration <module 'sqlmesh.migrations.v0074_add_partition_by_time_column_property' from '/Library/Frameworks/Python.framework/Versions/3.12/lib/python3.12/site-packages/sqlmesh/migrations/v0074_add_partition_by_time_column_property.py'> (migrator.py:186)
2025-09-13 12:07:52,566 - MainThread - sqlmesh.core.state_sync.db.migrator - INFO - Applying migration <module 'sqlmesh.migrations.v0075_remove_validate_query' from '/Library/Frameworks/Python.framework/Versions/3.12/lib/python3.12/site-packages/sqlmesh/migrations/v0075_remove_validate_query.py'> (migrator.py:186)
2025-09-13 12:07:52,566 - MainThread - sqlmesh.core.state_sync.db.migrator - INFO - Applying migration <module 'sqlmesh.migrations.v0076_add_cron_tz' from '/Library/Frameworks/Python.framework/Versions/3.12/lib/python3.12/site-packages/sqlmesh/migrations/v0076_add_cron_tz.py'> (migrator.py:186)
2025-09-13 12:07:52,567 - MainThread - sqlmesh.core.state_sync.db.migrator - INFO - Applying migration <module 'sqlmesh.migrations.v0077_fix_column_type_hash_calculation' from '/Library/Frameworks/Python.framework/Versions/3.12/lib/python3.12/site-packages/sqlmesh/migrations/v0077_fix_column_type_hash_calculation.py'> (migrator.py:186)
2025-09-13 12:07:52,567 - MainThread - sqlmesh.core.state_sync.db.migrator - INFO - Applying migration <module 'sqlmesh.migrations.v0078_warn_if_non_migratable_python_env' from '/Library/Frameworks/Python.framework/Versions/3.12/lib/python3.12/site-packages/sqlmesh/migrations/v0078_warn_if_non_migratable_python_env.py'> (migrator.py:186)
2025-09-13 12:07:52,567 - MainThread - sqlmesh.core.state_sync.db.migrator - INFO - Applying migration <module 'sqlmesh.migrations.v0079_add_gateway_managed_property' from '/Library/Frameworks/Python.framework/Versions/3.12/lib/python3.12/site-packages/sqlmesh/migrations/v0079_add_gateway_managed_property.py'> (migrator.py:186)
2025-09-13 12:07:52,657 - MainThread - sqlmesh.core.state_sync.db.migrator - INFO - Applying migration <module 'sqlmesh.migrations.v0080_add_batch_size_to_scd_type_2_models' from '/Library/Frameworks/Python.framework/Versions/3.12/lib/python3.12/site-packages/sqlmesh/migrations/v0080_add_batch_size_to_scd_type_2_models.py'> (migrator.py:186)
2025-09-13 12:07:52,657 - MainThread - sqlmesh.core.state_sync.db.migrator - INFO - Applying migration <module 'sqlmesh.migrations.v0081_update_partitioned_by' from '/Library/Frameworks/Python.framework/Versions/3.12/lib/python3.12/site-packages/sqlmesh/migrations/v0081_update_partitioned_by.py'> (migrator.py:186)
2025-09-13 12:07:52,657 - MainThread - sqlmesh.core.state_sync.db.migrator - INFO - Applying migration <module 'sqlmesh.migrations.v0082_warn_if_incorrectly_duplicated_statements' from '/Library/Frameworks/Python.framework/Versions/3.12/lib/python3.12/site-packages/sqlmesh/migrations/v0082_warn_if_incorrectly_duplicated_statements.py'> (migrator.py:186)
2025-09-13 12:07:52,657 - MainThread - sqlmesh.core.state_sync.db.migrator - INFO - Applying migration <module 'sqlmesh.migrations.v0083_use_sql_for_scd_time_data_type_data_hash' from '/Library/Frameworks/Python.framework/Versions/3.12/lib/python3.12/site-packages/sqlmesh/migrations/v0083_use_sql_for_scd_time_data_type_data_hash.py'> (migrator.py:186)
2025-09-13 12:07:52,657 - MainThread - sqlmesh.core.state_sync.db.migrator - INFO - Applying migration <module 'sqlmesh.migrations.v0084_normalize_quote_when_matched_and_merge_filter' from '/Library/Frameworks/Python.framework/Versions/3.12/lib/python3.12/site-packages/sqlmesh/migrations/v0084_normalize_quote_when_matched_and_merge_filter.py'> (migrator.py:186)
2025-09-13 12:07:52,657 - MainThread - sqlmesh.core.state_sync.db.migrator - INFO - Applying migration <module 'sqlmesh.migrations.v0085_deterministic_repr' from '/Library/Frameworks/Python.framework/Versions/3.12/lib/python3.12/site-packages/sqlmesh/migrations/v0085_deterministic_repr.py'> (migrator.py:186)
2025-09-13 12:07:52,657 - MainThread - sqlmesh.core.state_sync.db.migrator - INFO - Applying migration <module 'sqlmesh.migrations.v0086_check_deterministic_bug' from '/Library/Frameworks/Python.framework/Versions/3.12/lib/python3.12/site-packages/sqlmesh/migrations/v0086_check_deterministic_bug.py'> (migrator.py:186)
2025-09-13 12:07:52,657 - MainThread - sqlmesh.core.state_sync.db.migrator - INFO - Applying migration <module 'sqlmesh.migrations.v0087_normalize_blueprint_variables' from '/Library/Frameworks/Python.framework/Versions/3.12/lib/python3.12/site-packages/sqlmesh/migrations/v0087_normalize_blueprint_variables.py'> (migrator.py:186)
2025-09-13 12:07:52,657 - MainThread - sqlmesh.core.state_sync.db.migrator - INFO - Applying migration <module 'sqlmesh.migrations.v0088_warn_about_variable_python_env_diffs' from '/Library/Frameworks/Python.framework/Versions/3.12/lib/python3.12/site-packages/sqlmesh/migrations/v0088_warn_about_variable_python_env_diffs.py'> (migrator.py:186)
2025-09-13 12:07:52,657 - MainThread - sqlmesh.core.state_sync.db.migrator - INFO - Applying migration <module 'sqlmesh.migrations.v0089_add_virtual_environment_mode' from '/Library/Frameworks/Python.framework/Versions/3.12/lib/python3.12/site-packages/sqlmesh/migrations/v0089_add_virtual_environment_mode.py'> (migrator.py:186)
2025-09-13 12:07:52,657 - MainThread - sqlmesh.core.state_sync.db.migrator - INFO - Applying migration <module 'sqlmesh.migrations.v0090_add_forward_only_column' from '/Library/Frameworks/Python.framework/Versions/3.12/lib/python3.12/site-packages/sqlmesh/migrations/v0090_add_forward_only_column.py'> (migrator.py:186)
2025-09-13 12:07:52,978 - MainThread - sqlmesh.core.state_sync.db.migrator - INFO - Applying migration <module 'sqlmesh.migrations.v0091_on_additive_change' from '/Library/Frameworks/Python.framework/Versions/3.12/lib/python3.12/site-packages/sqlmesh/migrations/v0091_on_additive_change.py'> (migrator.py:186)
2025-09-13 12:07:52,978 - MainThread - sqlmesh.core.state_sync.db.migrator - INFO - Applying migration <module 'sqlmesh.migrations.v0092_warn_about_dbt_data_type_diff' from '/Library/Frameworks/Python.framework/Versions/3.12/lib/python3.12/site-packages/sqlmesh/migrations/v0092_warn_about_dbt_data_type_diff.py'> (migrator.py:186)
2025-09-13 12:07:52,978 - MainThread - sqlmesh.core.state_sync.db.migrator - INFO - Applying migration <module 'sqlmesh.migrations.v0093_use_raw_sql_in_fingerprint' from '/Library/Frameworks/Python.framework/Versions/3.12/lib/python3.12/site-packages/sqlmesh/migrations/v0093_use_raw_sql_in_fingerprint.py'> (migrator.py:186)
2025-09-13 12:07:52,978 - MainThread - sqlmesh.core.state_sync.db.migrator - INFO - Applying migration <module 'sqlmesh.migrations.v0094_add_dev_version_and_fingerprint_columns' from '/Library/Frameworks/Python.framework/Versions/3.12/lib/python3.12/site-packages/sqlmesh/migrations/v0094_add_dev_version_and_fingerprint_columns.py'> (migrator.py:186)
2025-09-13 12:07:53,165 - MainThread - sqlmesh.core.state_sync.db.migrator - INFO - Applying migration <module 'sqlmesh.migrations.v0095_warn_about_dbt_raw_sql_diff' from '/Library/Frameworks/Python.framework/Versions/3.12/lib/python3.12/site-packages/sqlmesh/migrations/v0095_warn_about_dbt_raw_sql_diff.py'> (migrator.py:186)
2025-09-13 12:07:53,165 - MainThread - sqlmesh.core.state_sync.db.migrator - INFO - Applying migration <module 'sqlmesh.migrations.v0096_remove_plan_dags_table' from '/Library/Frameworks/Python.framework/Versions/3.12/lib/python3.12/site-packages/sqlmesh/migrations/v0096_remove_plan_dags_table.py'> (migrator.py:186)
2025-09-13 12:07:53,216 - MainThread - sqlmesh.core.state_sync.db.migrator - INFO - Applying migration <module 'sqlmesh.migrations.v0097_add_dbt_name_in_node' from '/Library/Frameworks/Python.framework/Versions/3.12/lib/python3.12/site-packages/sqlmesh/migrations/v0097_add_dbt_name_in_node.py'> (migrator.py:186)
2025-09-13 12:07:53,262 - MainThread - sqlmesh.core.state_sync.db.migrator - INFO - Fetching environments (migrator.py:208)
2025-09-13 12:07:53,306 - MainThread - sqlmesh.core.state_sync.db.migrator - INFO - Migrating snapshot rows... (migrator.py:225)
2025-09-13 12:07:53,308 - MainThread - sqlmesh.core.state_sync.db.migrator - INFO - No changes to snapshots detected (migrator.py:218)
2025-09-13 12:08:03,334 - MainThread - root - INFO - Shutting down the event dispatcher (dispatcher.py:159)
