2025-09-13 12:09:41,389 - MainThread - sqlmesh.core.config.connection - INFO - Creating new DuckDB adapter for data files: {'md:champions_league_data'} (connection.py:489)
2025-09-13 12:09:41,685 - MainThread - sqlmesh.core.config.connection - INFO - Creating new DuckDB adapter for in-memory database (connection.py:491)
2025-09-13 12:09:41,685 - ThreadPoolExecutor-0_0 - sqlmesh.core.console - WARNING - Model '"champions_league_data"."sqlmesh_example"."full_model"' was not found at /Users/AaronHarkins/Python/SQLMesh_Motherduck/tests/test_full_model.yaml (console.py:2260)
2025-09-13 12:09:41,687 - MainThread - sqlmesh.core.config.connection - INFO - Using existing DuckDB adapter due to overlapping data file: md:champions_league_data (connection.py:479)
2025-09-13 12:09:41,687 - MainThread - sqlmesh.core.console - WARNING - The motherduck engine is not recommended for storing SQLMesh state in production deployments. Please see https://sqlmesh.readthedocs.io/en/stable/guides/configuration/#state-connection for a list of recommended engines and more information. (console.py:2260)
2025-09-13 12:09:46,043 - MainThread - sqlmesh.core.plan.evaluator - INFO - Evaluating plan stage PhysicalLayerSchemaCreationStage (evaluator.py:125)
2025-09-13 12:09:46,045 - MainThread - sqlmesh.core.snapshot.evaluator - INFO - Creating schema 'champions_league_data.sqlmesh__staging' (evaluator.py:1360)
2025-09-13 12:09:46,046 - MainThread - sqlmesh.core.engine_adapter.base - INFO - Executing SQL: /* SQLMESH_PLAN: c80c547206fd498db7d724e34d3551d3 */ CREATE SCHEMA IF NOT EXISTS "champions_league_data"."sqlmesh__staging" (base.py:2466)
2025-09-13 12:09:46,090 - MainThread - sqlmesh.core.plan.evaluator - INFO - Evaluating plan stage PhysicalLayerUpdateStage (evaluator.py:125)
2025-09-13 12:09:46,092 - MainThread - sqlmesh.core.snapshot.evaluator - INFO - Listing data objects in schema champions_league_data.sqlmesh__staging (evaluator.py:1463)
2025-09-13 12:09:46,093 - MainThread - sqlmesh.core.engine_adapter.base - INFO - Executing SQL: /* SQLMESH_PLAN: c80c547206fd498db7d724e34d3551d3 */ SELECT CURRENT_CATALOG() (base.py:2466)
2025-09-13 12:09:46,095 - MainThread - sqlmesh.core.engine_adapter.base - INFO - Executing SQL: /* SQLMESH_PLAN: c80c547206fd498db7d724e34d3551d3 */ SELECT CURRENT_CATALOG() (base.py:2466)
2025-09-13 12:09:46,097 - MainThread - sqlmesh.core.engine_adapter.base - INFO - Executing SQL: /* SQLMESH_PLAN: c80c547206fd498db7d724e34d3551d3 */ SELECT table_name AS name, table_schema AS schema, CASE table_type WHEN 'BASE TABLE' THEN 'table' WHEN 'VIEW' THEN 'view' WHEN 'LOCAL TEMPORARY' THEN 'table' END AS type FROM system.information_schema.tables WHERE (table_catalog = 'champions_league_data' AND table_schema = 'sqlmesh__staging') AND table_name IN ('staging__stg_ucl_teams__1922017101') (base.py:2466)
2025-09-13 12:09:46,116 - MainThread - sqlmesh.core.plan.evaluator - INFO - Evaluating plan stage BackfillStage (evaluator.py:125)
2025-09-13 12:09:46,116 - MainThread - sqlmesh.core.plan.evaluator - INFO - Evaluating plan stage EnvironmentRecordUpdateStage (evaluator.py:125)
2025-09-13 12:09:46,116 - MainThread - sqlmesh.core.state_sync.db.facade - INFO - Promoting environment 'prod' (facade.py:165)
2025-09-13 12:09:46,619 - MainThread - sqlmesh.core.plan.evaluator - INFO - Evaluating plan stage UnpauseStage (evaluator.py:125)
2025-09-13 12:09:46,783 - MainThread - sqlmesh.core.plan.evaluator - INFO - Evaluating plan stage VirtualLayerUpdateStage (evaluator.py:125)
2025-09-13 12:09:46,790 - MainThread - sqlmesh.core.snapshot.evaluator - INFO - Creating schema 'champions_league_data.staging' (evaluator.py:1360)
2025-09-13 12:09:46,791 - MainThread - sqlmesh.core.engine_adapter.base - INFO - Executing SQL: /* SQLMESH_PLAN: c80c547206fd498db7d724e34d3551d3 */ CREATE SCHEMA IF NOT EXISTS "champions_league_data"."staging" (base.py:2466)
2025-09-13 12:09:46,851 - MainThread - sqlmesh.core.snapshot.evaluator - INFO - Updating view 'champions_league_data.staging.stg_ucl_teams' to point at table 'champions_league_data.sqlmesh__staging.staging__stg_ucl_teams__1922017101' (evaluator.py:1732)
2025-09-13 12:09:46,853 - MainThread - sqlmesh.core.engine_adapter.base - INFO - Executing SQL: /* SQLMESH_PLAN: c80c547206fd498db7d724e34d3551d3 */ SELECT CURRENT_CATALOG() (base.py:2466)
2025-09-13 12:09:46,855 - MainThread - sqlmesh.core.engine_adapter.base - INFO - Executing SQL: /* SQLMESH_PLAN: c80c547206fd498db7d724e34d3551d3 */ SELECT CURRENT_CATALOG() (base.py:2466)
2025-09-13 12:09:46,857 - MainThread - sqlmesh.core.engine_adapter.base - INFO - Executing SQL: /* SQLMESH_PLAN: c80c547206fd498db7d724e34d3551d3 */ SELECT table_name AS name, table_schema AS schema, CASE table_type WHEN 'BASE TABLE' THEN 'table' WHEN 'VIEW' THEN 'view' WHEN 'LOCAL TEMPORARY' THEN 'table' END AS type FROM system.information_schema.tables WHERE (table_catalog = 'champions_league_data' AND table_schema = 'staging') AND table_name IN ('stg_ucl_teams') (base.py:2466)
2025-09-13 12:09:46,863 - MainThread - sqlmesh.core.engine_adapter.base - INFO - Executing SQL: /* SQLMESH_PLAN: c80c547206fd498db7d724e34d3551d3 */ CREATE OR REPLACE VIEW "champions_league_data"."staging"."stg_ucl_teams" AS SELECT * FROM "champions_league_data"."sqlmesh__staging"."staging__stg_ucl_teams__1922017101" (base.py:2466)
2025-09-13 12:09:46,974 - MainThread - sqlmesh.core.plan.evaluator - INFO - Evaluating plan stage FinalizeEnvironmentStage (evaluator.py:125)
2025-09-13 12:09:46,974 - MainThread - sqlmesh.core.state_sync.db.environment - INFO - Finalizing environment 'prod' (environment.py:141)
2025-09-13 12:09:47,079 - MainThread - root - INFO - Shutting down the event dispatcher (dispatcher.py:159)
