2025-09-16 17:00:46,386 - MainThread - sqlmesh.core.config.connection - INFO - Creating new DuckDB adapter for data files: {'md:champions_league_data'} (connection.py:489)
2025-09-16 17:00:46,834 - MainThread - sqlmesh.core.config.connection - INFO - Creating new DuckDB adapter for in-memory database (connection.py:491)
2025-09-16 17:00:46,835 - ThreadPoolExecutor-0_0 - sqlmesh.core.console - WARNING - Model '"champions_league_data"."sqlmesh_example"."full_model"' was not found at /Users/AaronHarkins/Python/SQLMesh_Motherduck/tests/test_full_model.yaml (console.py:2260)
2025-09-16 17:00:46,836 - MainThread - sqlmesh.core.config.connection - INFO - Using existing DuckDB adapter due to overlapping data file: md:champions_league_data (connection.py:479)
2025-09-16 17:00:46,836 - MainThread - sqlmesh.core.console - WARNING - The motherduck engine is not recommended for storing SQLMesh state in production deployments. Please see https://sqlmesh.readthedocs.io/en/stable/guides/configuration/#state-connection for a list of recommended engines and more information. (console.py:2260)
2025-09-16 17:00:50,433 - MainThread - sqlmesh.core.plan.evaluator - INFO - Evaluating plan stage CreateSnapshotRecordsStage (evaluator.py:125)
2025-09-16 17:00:50,873 - MainThread - sqlmesh.core.plan.evaluator - INFO - Evaluating plan stage PhysicalLayerSchemaCreationStage (evaluator.py:125)
2025-09-16 17:00:50,875 - MainThread - sqlmesh.core.snapshot.evaluator - INFO - Creating schema 'champions_league_data.sqlmesh__facts' (evaluator.py:1360)
2025-09-16 17:00:50,875 - MainThread - sqlmesh.core.engine_adapter.base - INFO - Executing SQL: /* SQLMESH_PLAN: 13adf54743b6443f951e05bee321e8d8 */ CREATE SCHEMA IF NOT EXISTS "champions_league_data"."sqlmesh__facts" (base.py:2466)
2025-09-16 17:00:50,915 - MainThread - sqlmesh.core.snapshot.evaluator - INFO - Creating schema 'champions_league_data.sqlmesh__staging' (evaluator.py:1360)
2025-09-16 17:00:50,915 - MainThread - sqlmesh.core.engine_adapter.base - INFO - Executing SQL: /* SQLMESH_PLAN: 13adf54743b6443f951e05bee321e8d8 */ CREATE SCHEMA IF NOT EXISTS "champions_league_data"."sqlmesh__staging" (base.py:2466)
2025-09-16 17:00:50,956 - MainThread - sqlmesh.core.snapshot.evaluator - INFO - Creating schema 'champions_league_data.sqlmesh__snapshots' (evaluator.py:1360)
2025-09-16 17:00:50,956 - MainThread - sqlmesh.core.engine_adapter.base - INFO - Executing SQL: /* SQLMESH_PLAN: 13adf54743b6443f951e05bee321e8d8 */ CREATE SCHEMA IF NOT EXISTS "champions_league_data"."sqlmesh__snapshots" (base.py:2466)
2025-09-16 17:00:50,998 - MainThread - sqlmesh.core.snapshot.evaluator - INFO - Creating schema 'champions_league_data.sqlmesh__intermediate' (evaluator.py:1360)
2025-09-16 17:00:50,999 - MainThread - sqlmesh.core.engine_adapter.base - INFO - Executing SQL: /* SQLMESH_PLAN: 13adf54743b6443f951e05bee321e8d8 */ CREATE SCHEMA IF NOT EXISTS "champions_league_data"."sqlmesh__intermediate" (base.py:2466)
2025-09-16 17:00:51,042 - MainThread - sqlmesh.core.plan.evaluator - INFO - Evaluating plan stage BackfillStage (evaluator.py:125)
2025-09-16 17:00:51,047 - MainThread - sqlmesh.core.snapshot.evaluator - INFO - Listing data objects in schema champions_league_data.sqlmesh__snapshots (evaluator.py:1463)
2025-09-16 17:00:51,047 - MainThread - sqlmesh.core.engine_adapter.base - INFO - Executing SQL: /* SQLMESH_PLAN: 13adf54743b6443f951e05bee321e8d8 */ SELECT CURRENT_CATALOG() (base.py:2466)
2025-09-16 17:00:51,049 - MainThread - sqlmesh.core.engine_adapter.base - INFO - Executing SQL: /* SQLMESH_PLAN: 13adf54743b6443f951e05bee321e8d8 */ SELECT CURRENT_CATALOG() (base.py:2466)
2025-09-16 17:00:51,052 - MainThread - sqlmesh.core.engine_adapter.base - INFO - Executing SQL: /* SQLMESH_PLAN: 13adf54743b6443f951e05bee321e8d8 */ SELECT table_name AS name, table_schema AS schema, CASE table_type WHEN 'BASE TABLE' THEN 'table' WHEN 'VIEW' THEN 'view' WHEN 'LOCAL TEMPORARY' THEN 'table' END AS type FROM system.information_schema.tables WHERE (table_catalog = 'champions_league_data' AND table_schema = 'sqlmesh__snapshots') AND table_name IN ('snapshots__ucl_squad_snapshot__67121484', 'snapshots__ucl_team_snapshot__830125686') (base.py:2466)
2025-09-16 17:00:51,076 - MainThread - sqlmesh.core.snapshot.evaluator - INFO - Evaluating snapshot SnapshotId<"champions_league_data"."snapshots"."ucl_squad_snapshot": 2334371604> (evaluator.py:701)
2025-09-16 17:00:51,076 - MainThread - sqlmesh.core.snapshot.evaluator - INFO - Inserting data for snapshot SnapshotId<"champions_league_data"."snapshots"."ucl_squad_snapshot": 2334371604> (evaluator.py:910)
2025-09-16 17:00:51,081 - MainThread - sqlmesh.core.snapshot.evaluator - INFO - Inserting batch (2025-08-01 00:00:00, 2025-09-01 00:00:00) into champions_league_data.sqlmesh__snapshots.snapshots__ucl_squad_snapshot__67121484' (evaluator.py:940)
2025-09-16 17:00:51,081 - MainThread - sqlmesh.core.engine_adapter.base - INFO - Executing SQL: /* SQLMESH_PLAN: 13adf54743b6443f951e05bee321e8d8 */ DESCRIBE "champions_league_data"."sqlmesh__snapshots"."snapshots__ucl_squad_snapshot__67121484" (base.py:2466)
2025-09-16 17:00:51,165 - MainThread - sqlmesh.core.engine_adapter.base - INFO - Executing SQL: /* SQLMESH_PLAN: 13adf54743b6443f951e05bee321e8d8 */ SELECT CURRENT_CATALOG() (base.py:2466)
2025-09-16 17:00:51,165 - MainThread - sqlmesh.core.engine_adapter.base - INFO - Executing SQL: /* SQLMESH_PLAN: 13adf54743b6443f951e05bee321e8d8 */ SELECT CURRENT_CATALOG() (base.py:2466)
2025-09-16 17:00:51,168 - MainThread - sqlmesh.core.engine_adapter.base - INFO - Executing SQL: /* SQLMESH_PLAN: 13adf54743b6443f951e05bee321e8d8 */ SELECT table_name AS name, table_schema AS schema, CASE table_type WHEN 'BASE TABLE' THEN 'table' WHEN 'VIEW' THEN 'view' WHEN 'LOCAL TEMPORARY' THEN 'table' END AS type FROM system.information_schema.tables WHERE (table_catalog = 'champions_league_data' AND table_schema = 'sqlmesh__snapshots') AND table_name IN ('snapshots__ucl_squad_snapshot__67121484') (base.py:2466)
2025-09-16 17:00:51,173 - MainThread - sqlmesh.core.engine_adapter.base - INFO - Executing SQL: /* SQLMESH_PLAN: 13adf54743b6443f951e05bee321e8d8 */ SELECT CURRENT_CATALOG() (base.py:2466)
2025-09-16 17:00:51,174 - MainThread - sqlmesh.core.engine_adapter.base - INFO - Executing SQL: /* SQLMESH_PLAN: 13adf54743b6443f951e05bee321e8d8 */ SELECT type FROM DUCKDB_DATABASES() WHERE database_name = 'champions_league_data' (base.py:2466)
2025-09-16 17:00:51,176 - MainThread - sqlmesh.core.engine_adapter.base - INFO - Executing SQL: /* SQLMESH_PLAN: 13adf54743b6443f951e05bee321e8d8 */ CREATE OR REPLACE TABLE "champions_league_data"."sqlmesh__snapshots"."snapshots__ucl_squad_snapshot__67121484" AS SELECT "stg_ucl_squads"."team_id" AS "team_id", "stg_ucl_squads"."team_name" AS "team_name", "stg_ucl_squads"."player_id" AS "player_id", "stg_ucl_squads"."player_name" AS "player_name", "stg_ucl_squads"."position" AS "position", "stg_ucl_squads"."date_of_birth" AS "date_of_birth", "stg_ucl_squads"."nationality" AS "nationality" FROM "champions_league_data"."sqlmesh__staging"."staging__stg_ucl_squads__1660759538" AS "stg_ucl_squads" (base.py:2466)
2025-09-16 17:00:51,309 - MainThread - sqlmesh.core.state_sync.db.facade - INFO - Adding interval (2025-08-01 00:00:00, 2025-09-01 00:00:00) for snapshot SnapshotId<"champions_league_data"."snapshots"."ucl_squad_snapshot": 2334371604> (facade.py:622)
2025-09-16 17:00:51,309 - MainThread - sqlmesh.core.state_sync.db.interval - INFO - Pushing intervals for snapshot SnapshotId<"champions_league_data"."snapshots"."ucl_squad_snapshot": 2334371604> (interval.py:214)
2025-09-16 17:00:51,609 - MainThread - sqlmesh.core.snapshot.evaluator - INFO - Evaluating snapshot SnapshotId<"champions_league_data"."snapshots"."ucl_team_snapshot": 1545046527> (evaluator.py:701)
2025-09-16 17:00:51,610 - MainThread - sqlmesh.core.snapshot.evaluator - INFO - Inserting data for snapshot SnapshotId<"champions_league_data"."snapshots"."ucl_team_snapshot": 1545046527> (evaluator.py:910)
2025-09-16 17:00:51,613 - MainThread - sqlmesh.core.snapshot.evaluator - INFO - Inserting batch (2025-08-01 00:00:00, 2025-09-01 00:00:00) into champions_league_data.sqlmesh__snapshots.snapshots__ucl_team_snapshot__830125686' (evaluator.py:940)
2025-09-16 17:00:51,613 - MainThread - sqlmesh.core.engine_adapter.base - INFO - Executing SQL: /* SQLMESH_PLAN: 13adf54743b6443f951e05bee321e8d8 */ DESCRIBE "champions_league_data"."sqlmesh__snapshots"."snapshots__ucl_team_snapshot__830125686" (base.py:2466)
2025-09-16 17:00:51,690 - MainThread - sqlmesh.core.engine_adapter.base - INFO - Executing SQL: /* SQLMESH_PLAN: 13adf54743b6443f951e05bee321e8d8 */ SELECT CURRENT_CATALOG() (base.py:2466)
2025-09-16 17:00:51,691 - MainThread - sqlmesh.core.engine_adapter.base - INFO - Executing SQL: /* SQLMESH_PLAN: 13adf54743b6443f951e05bee321e8d8 */ SELECT CURRENT_CATALOG() (base.py:2466)
2025-09-16 17:00:51,692 - MainThread - sqlmesh.core.engine_adapter.base - INFO - Executing SQL: /* SQLMESH_PLAN: 13adf54743b6443f951e05bee321e8d8 */ SELECT table_name AS name, table_schema AS schema, CASE table_type WHEN 'BASE TABLE' THEN 'table' WHEN 'VIEW' THEN 'view' WHEN 'LOCAL TEMPORARY' THEN 'table' END AS type FROM system.information_schema.tables WHERE (table_catalog = 'champions_league_data' AND table_schema = 'sqlmesh__snapshots') AND table_name IN ('snapshots__ucl_team_snapshot__830125686') (base.py:2466)
2025-09-16 17:00:51,697 - MainThread - sqlmesh.core.engine_adapter.base - INFO - Executing SQL: /* SQLMESH_PLAN: 13adf54743b6443f951e05bee321e8d8 */ SELECT CURRENT_CATALOG() (base.py:2466)
2025-09-16 17:00:51,697 - MainThread - sqlmesh.core.engine_adapter.base - INFO - Executing SQL: /* SQLMESH_PLAN: 13adf54743b6443f951e05bee321e8d8 */ SELECT type FROM DUCKDB_DATABASES() WHERE database_name = 'champions_league_data' (base.py:2466)
2025-09-16 17:00:51,699 - MainThread - sqlmesh.core.engine_adapter.base - INFO - Executing SQL: /* SQLMESH_PLAN: 13adf54743b6443f951e05bee321e8d8 */ CREATE OR REPLACE TABLE "champions_league_data"."sqlmesh__snapshots"."snapshots__ucl_team_snapshot__830125686" AS SELECT "area_name" AS "area_name", "team_id" AS "team_id", "team_name" AS "team_name", "team_short_name" AS "team_short_name", "team_tla" AS "team_tla", "team_address" AS "team_address", "team_venue" AS "team_venue", "coach_id" AS "coach_id", "coach_first_name" AS "coach_first_name", "coach_last_name" AS "coach_last_name", "coach_name" AS "coach_name", "coach_nationality" AS "coach_nationality", "coach_contract_start" AS "coach_contract_start", "coach_contract_until" AS "coach_contract_until", "lastupdated" AS "lastupdated", "latitude" AS "latitude", "longitude" AS "longitude", "european_rank" AS "european_rank", "ucl_rank" AS "ucl_rank" FROM "champions_league_data"."intermediate"."int_ucl_team" AS "int_ucl_team" (base.py:2466)
2025-09-16 17:00:51,781 - MainThread - sqlmesh.core.scheduler - INFO - Execution failed for node EvaluateNode(snapshot_name='"champions_league_data"."snapshots"."ucl_team_snapshot"', interval=(1754006400000, 1756684800000), batch_index=0) (scheduler.py:597)
Traceback (most recent call last):
  File "/Library/Frameworks/Python.framework/Versions/3.12/lib/python3.12/site-packages/sqlmesh/utils/concurrency.py", line 234, in sequential_apply_to_dag
    fn(node)
  File "/Library/Frameworks/Python.framework/Versions/3.12/lib/python3.12/site-packages/sqlmesh/core/scheduler.py", line 533, in run_node
    audit_results = self.evaluate(
                    ^^^^^^^^^^^^^^
  File "/Library/Frameworks/Python.framework/Versions/3.12/lib/python3.12/site-packages/sqlmesh/core/scheduler.py", line 229, in evaluate
    wap_id = self.snapshot_evaluator.evaluate(
             ^^^^^^^^^^^^^^^^^^^^^^^^^^^^^^^^^
  File "/Library/Frameworks/Python.framework/Versions/3.12/lib/python3.12/site-packages/sqlmesh/core/snapshot/evaluator.py", line 182, in evaluate
    result = self._evaluate_snapshot(
             ^^^^^^^^^^^^^^^^^^^^^^^^
  File "/Library/Frameworks/Python.framework/Versions/3.12/lib/python3.12/site-packages/sqlmesh/core/snapshot/evaluator.py", line 797, in _evaluate_snapshot
    self._render_and_insert_snapshot(
  File "/Library/Frameworks/Python.framework/Versions/3.12/lib/python3.12/site-packages/sqlmesh/core/snapshot/evaluator.py", line 990, in _render_and_insert_snapshot
    apply(query_or_df, index)
  File "/Library/Frameworks/Python.framework/Versions/3.12/lib/python3.12/site-packages/sqlmesh/core/snapshot/evaluator.py", line 946, in apply
    evaluation_strategy.insert(
  File "/Library/Frameworks/Python.framework/Versions/3.12/lib/python3.12/site-packages/sqlmesh/core/snapshot/evaluator.py", line 1988, in insert
    self._replace_query_for_model(model, table_name, query_or_df, render_kwargs, **kwargs)
  File "/Library/Frameworks/Python.framework/Versions/3.12/lib/python3.12/site-packages/sqlmesh/core/snapshot/evaluator.py", line 1864, in _replace_query_for_model
    self.adapter.replace_query(
  File "/Library/Frameworks/Python.framework/Versions/3.12/lib/python3.12/site-packages/sqlmesh/core/engine_adapter/shared.py", line 312, in internal_wrapper
    return func(*list_args, **kwargs)
           ^^^^^^^^^^^^^^^^^^^^^^^^^^
  File "/Library/Frameworks/Python.framework/Versions/3.12/lib/python3.12/site-packages/sqlmesh/core/engine_adapter/base.py", line 512, in replace_query
    return self._create_table_from_source_queries(
           ^^^^^^^^^^^^^^^^^^^^^^^^^^^^^^^^^^^^^^^
  File "/Library/Frameworks/Python.framework/Versions/3.12/lib/python3.12/site-packages/sqlmesh/core/engine_adapter/base.py", line 917, in _create_table_from_source_queries
    self._create_table(
  File "/Library/Frameworks/Python.framework/Versions/3.12/lib/python3.12/site-packages/sqlmesh/core/engine_adapter/duckdb.py", line 188, in _create_table
    super()._create_table(
  File "/Library/Frameworks/Python.framework/Versions/3.12/lib/python3.12/site-packages/sqlmesh/core/engine_adapter/base.py", line 960, in _create_table
    self.execute(
  File "/Library/Frameworks/Python.framework/Versions/3.12/lib/python3.12/site-packages/sqlmesh/core/engine_adapter/base.py", line 2443, in execute
    self._execute(sql, track_rows_processed, **kwargs)
  File "/Library/Frameworks/Python.framework/Versions/3.12/lib/python3.12/site-packages/sqlmesh/core/engine_adapter/base.py", line 2475, in _execute
    self.cursor.execute(sql, **kwargs)
duckdb.duckdb.CatalogException: Catalog Error: Table with name int_ucl_team does not exist!
Did you mean "int_ucl_teams"?

LINE 1: ...an_rank" AS "european_rank", "ucl_rank" AS "ucl_rank" FROM "champions_league_data"."intermediate"."int_ucl_team" AS...
                                                                      ^

The above exception was the direct cause of the following exception:

sqlmesh.utils.concurrency.NodeExecutionFailedError: Execution failed for node EvaluateNode(snapshot_name='"champions_league_data"."snapshots"."ucl_team_snapshot"', interval=(1754006400000, 1756684800000), batch_index=0)
2025-09-16 17:00:51,791 - MainThread - sqlmesh.core.context - INFO - Plan application failed. (context.py:1735)
Traceback (most recent call last):
  File "/Library/Frameworks/Python.framework/Versions/3.12/lib/python3.12/site-packages/sqlmesh/core/context.py", line 1727, in apply
    self._apply(plan, circuit_breaker)
  File "/Library/Frameworks/Python.framework/Versions/3.12/lib/python3.12/site-packages/sqlmesh/core/context.py", line 2519, in _apply
    self._scheduler.create_plan_evaluator(self).evaluate(
  File "/Library/Frameworks/Python.framework/Versions/3.12/lib/python3.12/site-packages/sqlmesh/core/plan/evaluator.py", line 107, in evaluate
    self._evaluate_stages(plan_stages, plan)
  File "/Library/Frameworks/Python.framework/Versions/3.12/lib/python3.12/site-packages/sqlmesh/core/plan/evaluator.py", line 127, in _evaluate_stages
    handler(stage, plan)
  File "/Library/Frameworks/Python.framework/Versions/3.12/lib/python3.12/site-packages/sqlmesh/core/plan/evaluator.py", line 265, in visit_backfill_stage
    raise PlanError("Plan application failed.")
sqlmesh.utils.errors.PlanError: Plan application failed.
2025-09-16 17:00:51,793 - MainThread - root - INFO - Shutting down the event dispatcher (dispatcher.py:159)
