2025-09-13 14:35:02,192 - MainThread - sqlmesh.core.config.connection - INFO - Creating new DuckDB adapter for data files: {'md:champions_league_data'} (connection.py:489)
2025-09-13 14:35:02,543 - MainThread - sqlmesh.core.config.connection - INFO - Creating new DuckDB adapter for in-memory database (connection.py:491)
2025-09-13 14:35:02,544 - ThreadPoolExecutor-0_0 - sqlmesh.core.console - WARNING - Model '"champions_league_data"."sqlmesh_example"."full_model"' was not found at /Users/AaronHarkins/Python/SQLMesh_Motherduck/tests/test_full_model.yaml (console.py:2260)
2025-09-13 14:35:02,545 - MainThread - sqlmesh.core.config.connection - INFO - Using existing DuckDB adapter due to overlapping data file: md:champions_league_data (connection.py:479)
2025-09-13 14:35:02,545 - MainThread - sqlmesh.core.console - WARNING - The motherduck engine is not recommended for storing SQLMesh state in production deployments. Please see https://sqlmesh.readthedocs.io/en/stable/guides/configuration/#state-connection for a list of recommended engines and more information. (console.py:2260)
2025-09-13 14:37:03,621 - MainThread - sqlmesh.core.plan.evaluator - INFO - Evaluating plan stage CreateSnapshotRecordsStage (evaluator.py:125)
2025-09-13 14:37:04,207 - MainThread - sqlmesh.core.plan.evaluator - INFO - Evaluating plan stage PhysicalLayerSchemaCreationStage (evaluator.py:125)
2025-09-13 14:37:04,207 - MainThread - sqlmesh.core.snapshot.evaluator - INFO - Creating schema 'champions_league_data.sqlmesh__staging' (evaluator.py:1360)
2025-09-13 14:37:04,207 - MainThread - sqlmesh.core.engine_adapter.base - INFO - Executing SQL: /* SQLMESH_PLAN: 33e75388608f470999d31b182c477099 */ CREATE SCHEMA IF NOT EXISTS "champions_league_data"."sqlmesh__staging" (base.py:2466)
2025-09-13 14:37:04,251 - MainThread - sqlmesh.core.plan.evaluator - INFO - Evaluating plan stage BackfillStage (evaluator.py:125)
2025-09-13 14:37:04,252 - MainThread - sqlmesh.core.snapshot.evaluator - INFO - Listing data objects in schema champions_league_data.sqlmesh__staging (evaluator.py:1463)
2025-09-13 14:37:04,253 - MainThread - sqlmesh.core.engine_adapter.base - INFO - Executing SQL: /* SQLMESH_PLAN: 33e75388608f470999d31b182c477099 */ SELECT CURRENT_CATALOG() (base.py:2466)
2025-09-13 14:37:04,254 - MainThread - sqlmesh.core.engine_adapter.base - INFO - Executing SQL: /* SQLMESH_PLAN: 33e75388608f470999d31b182c477099 */ SELECT CURRENT_CATALOG() (base.py:2466)
2025-09-13 14:37:04,255 - MainThread - sqlmesh.core.engine_adapter.base - INFO - Executing SQL: /* SQLMESH_PLAN: 33e75388608f470999d31b182c477099 */ SELECT table_name AS name, table_schema AS schema, CASE table_type WHEN 'BASE TABLE' THEN 'table' WHEN 'VIEW' THEN 'view' WHEN 'LOCAL TEMPORARY' THEN 'table' END AS type FROM system.information_schema.tables WHERE (table_catalog = 'champions_league_data' AND table_schema = 'sqlmesh__staging') AND table_name IN ('staging__stg_ucl_matches__2354879629') (base.py:2466)
2025-09-13 14:37:04,271 - MainThread - sqlmesh.core.snapshot.evaluator - INFO - Evaluating snapshot SnapshotId<"champions_league_data"."staging"."stg_ucl_matches": 1863679564> (evaluator.py:701)
2025-09-13 14:37:04,271 - MainThread - sqlmesh.core.snapshot.evaluator - INFO - Inserting data for snapshot SnapshotId<"champions_league_data"."staging"."stg_ucl_matches": 1863679564> (evaluator.py:910)
2025-09-13 14:37:04,275 - MainThread - sqlmesh.core.snapshot.evaluator - INFO - Inserting batch (2025-08-31 00:00:00, 2025-09-07 00:00:00) into champions_league_data.sqlmesh__staging.staging__stg_ucl_matches__2354879629' (evaluator.py:940)
2025-09-13 14:37:04,276 - MainThread - sqlmesh.core.engine_adapter.base - INFO - Executing SQL: /* SQLMESH_PLAN: 33e75388608f470999d31b182c477099 */ DESCRIBE "champions_league_data"."sqlmesh__staging"."staging__stg_ucl_matches__2354879629" (base.py:2466)
2025-09-13 14:37:04,369 - MainThread - sqlmesh.core.engine_adapter.base - INFO - Executing SQL: /* SQLMESH_PLAN: 33e75388608f470999d31b182c477099 */ SELECT CURRENT_CATALOG() (base.py:2466)
2025-09-13 14:37:04,369 - MainThread - sqlmesh.core.engine_adapter.base - INFO - Executing SQL: /* SQLMESH_PLAN: 33e75388608f470999d31b182c477099 */ SELECT CURRENT_CATALOG() (base.py:2466)
2025-09-13 14:37:04,370 - MainThread - sqlmesh.core.engine_adapter.base - INFO - Executing SQL: /* SQLMESH_PLAN: 33e75388608f470999d31b182c477099 */ SELECT table_name AS name, table_schema AS schema, CASE table_type WHEN 'BASE TABLE' THEN 'table' WHEN 'VIEW' THEN 'view' WHEN 'LOCAL TEMPORARY' THEN 'table' END AS type FROM system.information_schema.tables WHERE (table_catalog = 'champions_league_data' AND table_schema = 'sqlmesh__staging') AND table_name IN ('staging__stg_ucl_matches__2354879629') (base.py:2466)
2025-09-13 14:37:04,372 - MainThread - sqlmesh.core.engine_adapter.base - INFO - Executing SQL: /* SQLMESH_PLAN: 33e75388608f470999d31b182c477099 */ SELECT CURRENT_CATALOG() (base.py:2466)
2025-09-13 14:37:04,373 - MainThread - sqlmesh.core.engine_adapter.base - INFO - Executing SQL: /* SQLMESH_PLAN: 33e75388608f470999d31b182c477099 */ SELECT type FROM DUCKDB_DATABASES() WHERE database_name = 'champions_league_data' (base.py:2466)
2025-09-13 14:37:04,374 - MainThread - sqlmesh.core.engine_adapter.base - INFO - Executing SQL: /* SQLMESH_PLAN: 33e75388608f470999d31b182c477099 */ CREATE OR REPLACE TABLE "champions_league_data"."sqlmesh__staging"."staging__stg_ucl_matches__2354879629" AS SELECT "competition_id" AS "competition_id", "competition_name" AS "competition_name", "competition_code" AS "competition_code", "season_id" AS "season_id", "season_startdate" AS "season_start_date", "season_enddate" AS "season_end_date", "season_currentmatchday" AS "season_current_matchday", "id" AS "match_id", CAST(CAST("utcdate" AS TIMESTAMPTZ) AT TIME ZONE 'America/New_York' AS TIMESTAMP) AS "match_datetime_est", "status" AS "match_status", "matchday" AS "matchday", "stage" AS "stage", "group" AS "group", "lastupdated" AS "lastupdated", "hometeam_id" AS "hometeam_id", "hometeam_name" AS "hometeam_name", "hometeam_shortname" AS "hometeam_shortname", "hometeam_tla" AS "hometeam_tla", "awayteam_id" AS "awayteam_id", "awayteam_name" AS "awayteam_name", "awayteam_shortname" AS "awayteam_shortname", "awayteam_tla" AS "awayteam_tla", "score_winner" AS "score_winner", "score_duration" AS "score_duration", "score_fulltime_home" AS "score_fulltime_home", "score_fulltime_away" AS "score_fulltime_away", "score_halftime_home" AS "score_halftime_home", "score_halftime_away" AS "score_halftime_away", "odds_msg" AS "odds_msg", "referees" AS "referees" FROM "champions_league_data"."main"."champions_league_matches" AS "champions_league_matches" (base.py:2466)
2025-09-13 14:37:04,502 - MainThread - sqlmesh.core.state_sync.db.facade - INFO - Adding interval (2025-08-31 00:00:00, 2025-09-07 00:00:00) for snapshot SnapshotId<"champions_league_data"."staging"."stg_ucl_matches": 1863679564> (facade.py:622)
2025-09-13 14:37:04,502 - MainThread - sqlmesh.core.state_sync.db.interval - INFO - Pushing intervals for snapshot SnapshotId<"champions_league_data"."staging"."stg_ucl_matches": 1863679564> (interval.py:214)
2025-09-13 14:37:04,811 - MainThread - sqlmesh.core.plan.evaluator - INFO - Evaluating plan stage EnvironmentRecordUpdateStage (evaluator.py:125)
2025-09-13 14:37:04,811 - MainThread - sqlmesh.core.state_sync.db.facade - INFO - Promoting environment 'prod' (facade.py:165)
2025-09-13 14:37:05,443 - MainThread - sqlmesh.core.plan.evaluator - INFO - Evaluating plan stage UnpauseStage (evaluator.py:125)
2025-09-13 14:37:05,687 - MainThread - sqlmesh.core.plan.evaluator - INFO - Evaluating plan stage VirtualLayerUpdateStage (evaluator.py:125)
2025-09-13 14:37:05,692 - MainThread - sqlmesh.core.snapshot.evaluator - INFO - Creating schema 'champions_league_data.staging' (evaluator.py:1360)
2025-09-13 14:37:05,692 - MainThread - sqlmesh.core.engine_adapter.base - INFO - Executing SQL: /* SQLMESH_PLAN: 33e75388608f470999d31b182c477099 */ CREATE SCHEMA IF NOT EXISTS "champions_league_data"."staging" (base.py:2466)
2025-09-13 14:37:05,737 - MainThread - sqlmesh.core.snapshot.evaluator - INFO - Updating view 'champions_league_data.staging.stg_ucl_matches' to point at table 'champions_league_data.sqlmesh__staging.staging__stg_ucl_matches__2354879629' (evaluator.py:1732)
2025-09-13 14:37:05,739 - MainThread - sqlmesh.core.engine_adapter.base - INFO - Executing SQL: /* SQLMESH_PLAN: 33e75388608f470999d31b182c477099 */ SELECT CURRENT_CATALOG() (base.py:2466)
2025-09-13 14:37:05,740 - MainThread - sqlmesh.core.engine_adapter.base - INFO - Executing SQL: /* SQLMESH_PLAN: 33e75388608f470999d31b182c477099 */ SELECT CURRENT_CATALOG() (base.py:2466)
2025-09-13 14:37:05,742 - MainThread - sqlmesh.core.engine_adapter.base - INFO - Executing SQL: /* SQLMESH_PLAN: 33e75388608f470999d31b182c477099 */ SELECT table_name AS name, table_schema AS schema, CASE table_type WHEN 'BASE TABLE' THEN 'table' WHEN 'VIEW' THEN 'view' WHEN 'LOCAL TEMPORARY' THEN 'table' END AS type FROM system.information_schema.tables WHERE (table_catalog = 'champions_league_data' AND table_schema = 'staging') AND table_name IN ('stg_ucl_matches') (base.py:2466)
2025-09-13 14:37:05,749 - MainThread - sqlmesh.core.engine_adapter.base - INFO - Executing SQL: /* SQLMESH_PLAN: 33e75388608f470999d31b182c477099 */ CREATE OR REPLACE VIEW "champions_league_data"."staging"."stg_ucl_matches" AS SELECT * FROM "champions_league_data"."sqlmesh__staging"."staging__stg_ucl_matches__2354879629" (base.py:2466)
2025-09-13 14:37:05,862 - MainThread - sqlmesh.core.snapshot.evaluator - INFO - Updating view 'champions_league_data.staging.stg_ucl_teams' to point at table 'champions_league_data.sqlmesh__staging.staging__stg_ucl_teams__1922017101' (evaluator.py:1732)
2025-09-13 14:37:05,864 - MainThread - sqlmesh.core.engine_adapter.base - INFO - Executing SQL: /* SQLMESH_PLAN: 33e75388608f470999d31b182c477099 */ SELECT CURRENT_CATALOG() (base.py:2466)
2025-09-13 14:37:05,865 - MainThread - sqlmesh.core.engine_adapter.base - INFO - Executing SQL: /* SQLMESH_PLAN: 33e75388608f470999d31b182c477099 */ SELECT CURRENT_CATALOG() (base.py:2466)
2025-09-13 14:37:05,867 - MainThread - sqlmesh.core.engine_adapter.base - INFO - Executing SQL: /* SQLMESH_PLAN: 33e75388608f470999d31b182c477099 */ SELECT table_name AS name, table_schema AS schema, CASE table_type WHEN 'BASE TABLE' THEN 'table' WHEN 'VIEW' THEN 'view' WHEN 'LOCAL TEMPORARY' THEN 'table' END AS type FROM system.information_schema.tables WHERE (table_catalog = 'champions_league_data' AND table_schema = 'staging') AND table_name IN ('stg_ucl_teams') (base.py:2466)
2025-09-13 14:37:05,873 - MainThread - sqlmesh.core.engine_adapter.base - INFO - Executing SQL: /* SQLMESH_PLAN: 33e75388608f470999d31b182c477099 */ CREATE OR REPLACE VIEW "champions_league_data"."staging"."stg_ucl_teams" AS SELECT * FROM "champions_league_data"."sqlmesh__staging"."staging__stg_ucl_teams__1922017101" (base.py:2466)
2025-09-13 14:37:05,976 - MainThread - sqlmesh.core.plan.evaluator - INFO - Evaluating plan stage FinalizeEnvironmentStage (evaluator.py:125)
2025-09-13 14:37:05,976 - MainThread - sqlmesh.core.state_sync.db.environment - INFO - Finalizing environment 'prod' (environment.py:141)
2025-09-13 14:37:06,075 - MainThread - root - INFO - Shutting down the event dispatcher (dispatcher.py:159)
