2025-09-17 17:57:24,435 - MainThread - sqlmesh.core.config.connection - INFO - Creating new DuckDB adapter for data files: {'md:champions_league_data'} (connection.py:491)
2025-09-17 17:57:24,833 - MainThread - sqlmesh.core.config.connection - INFO - Creating new DuckDB adapter for in-memory database (connection.py:493)
2025-09-17 17:57:24,833 - ThreadPoolExecutor-0_0 - sqlmesh.core.console - WARNING - Model '"champions_league_data"."sqlmesh_example"."full_model"' was not found at /Users/AaronHarkins/Python/SQLMesh_Motherduck/tests/test_full_model.yaml (console.py:2335)
2025-09-17 17:57:24,835 - MainThread - sqlmesh.core.config.connection - INFO - Using existing DuckDB adapter due to overlapping data file: md:champions_league_data (connection.py:481)
2025-09-17 17:57:24,835 - MainThread - sqlmesh.core.console - WARNING - The motherduck engine is not recommended for storing SQLMesh state in production deployments. Please see https://sqlmesh.readthedocs.io/en/stable/guides/configuration/#state-connection for a list of recommended engines and more information. (console.py:2335)
2025-09-17 17:57:50,667 - MainThread - sqlmesh.core.plan.evaluator - INFO - Evaluating plan stage CreateSnapshotRecordsStage (evaluator.py:123)
2025-09-17 17:57:51,171 - MainThread - sqlmesh.core.plan.evaluator - INFO - Evaluating plan stage PhysicalLayerSchemaCreationStage (evaluator.py:123)
2025-09-17 17:57:51,176 - MainThread - sqlmesh.core.snapshot.evaluator - INFO - Creating schema 'champions_league_data.sqlmesh__facts' (evaluator.py:1374)
2025-09-17 17:57:51,176 - MainThread - sqlmesh.core.engine_adapter.base - INFO - Executing SQL: /* SQLMESH_PLAN: fd4be7172d7844e19babcc9ae433d437 */ CREATE SCHEMA IF NOT EXISTS "champions_league_data"."sqlmesh__facts" (base.py:2498)
2025-09-17 17:57:51,217 - MainThread - sqlmesh.core.snapshot.evaluator - INFO - Creating schema 'champions_league_data.sqlmesh__snapshots' (evaluator.py:1374)
2025-09-17 17:57:51,218 - MainThread - sqlmesh.core.engine_adapter.base - INFO - Executing SQL: /* SQLMESH_PLAN: fd4be7172d7844e19babcc9ae433d437 */ CREATE SCHEMA IF NOT EXISTS "champions_league_data"."sqlmesh__snapshots" (base.py:2498)
2025-09-17 17:57:51,258 - MainThread - sqlmesh.core.snapshot.evaluator - INFO - Creating schema 'champions_league_data.sqlmesh__staging' (evaluator.py:1374)
2025-09-17 17:57:51,258 - MainThread - sqlmesh.core.engine_adapter.base - INFO - Executing SQL: /* SQLMESH_PLAN: fd4be7172d7844e19babcc9ae433d437 */ CREATE SCHEMA IF NOT EXISTS "champions_league_data"."sqlmesh__staging" (base.py:2498)
2025-09-17 17:57:51,335 - MainThread - sqlmesh.core.snapshot.evaluator - INFO - Creating schema 'champions_league_data.sqlmesh__intermediate' (evaluator.py:1374)
2025-09-17 17:57:51,335 - MainThread - sqlmesh.core.engine_adapter.base - INFO - Executing SQL: /* SQLMESH_PLAN: fd4be7172d7844e19babcc9ae433d437 */ CREATE SCHEMA IF NOT EXISTS "champions_league_data"."sqlmesh__intermediate" (base.py:2498)
2025-09-17 17:57:51,376 - MainThread - sqlmesh.core.plan.evaluator - INFO - Evaluating plan stage BackfillStage (evaluator.py:123)
2025-09-17 17:57:51,379 - MainThread - sqlmesh.core.snapshot.evaluator - INFO - Listing data objects in schema champions_league_data.sqlmesh__staging (evaluator.py:1477)
2025-09-17 17:57:51,380 - MainThread - sqlmesh.core.engine_adapter.base - INFO - Executing SQL: /* SQLMESH_PLAN: fd4be7172d7844e19babcc9ae433d437 */ SELECT CURRENT_CATALOG() (base.py:2498)
2025-09-17 17:57:51,382 - MainThread - sqlmesh.core.engine_adapter.base - INFO - Executing SQL: /* SQLMESH_PLAN: fd4be7172d7844e19babcc9ae433d437 */ SELECT CURRENT_CATALOG() (base.py:2498)
2025-09-17 17:57:51,383 - MainThread - sqlmesh.core.engine_adapter.base - INFO - Executing SQL: /* SQLMESH_PLAN: fd4be7172d7844e19babcc9ae433d437 */ SELECT table_name AS name, table_schema AS schema, CASE table_type WHEN 'BASE TABLE' THEN 'table' WHEN 'VIEW' THEN 'view' WHEN 'LOCAL TEMPORARY' THEN 'table' END AS type FROM system.information_schema.tables WHERE (table_catalog = 'champions_league_data' AND table_schema = 'sqlmesh__staging') AND table_name IN ('staging__stg_ucl_squads__845206470') (base.py:2498)
2025-09-17 17:57:51,397 - MainThread - sqlmesh.core.snapshot.evaluator - INFO - Listing data objects in schema champions_league_data.sqlmesh__snapshots (evaluator.py:1477)
2025-09-17 17:57:51,397 - MainThread - sqlmesh.core.engine_adapter.base - INFO - Executing SQL: /* SQLMESH_PLAN: fd4be7172d7844e19babcc9ae433d437 */ SELECT CURRENT_CATALOG() (base.py:2498)
2025-09-17 17:57:51,398 - MainThread - sqlmesh.core.engine_adapter.base - INFO - Executing SQL: /* SQLMESH_PLAN: fd4be7172d7844e19babcc9ae433d437 */ SELECT CURRENT_CATALOG() (base.py:2498)
2025-09-17 17:57:51,399 - MainThread - sqlmesh.core.engine_adapter.base - INFO - Executing SQL: /* SQLMESH_PLAN: fd4be7172d7844e19babcc9ae433d437 */ SELECT table_name AS name, table_schema AS schema, CASE table_type WHEN 'BASE TABLE' THEN 'table' WHEN 'VIEW' THEN 'view' WHEN 'LOCAL TEMPORARY' THEN 'table' END AS type FROM system.information_schema.tables WHERE (table_catalog = 'champions_league_data' AND table_schema = 'sqlmesh__snapshots') AND table_name IN ('snapshots__ucl_squad_snapshot__1422391636') (base.py:2498)
2025-09-17 17:57:51,402 - MainThread - sqlmesh.core.snapshot.evaluator - INFO - Evaluating snapshot SnapshotId<"champions_league_data"."staging"."stg_ucl_squads": 3149699930> (evaluator.py:700)
2025-09-17 17:57:51,402 - MainThread - sqlmesh.core.snapshot.evaluator - INFO - Inserting data for snapshot SnapshotId<"champions_league_data"."staging"."stg_ucl_squads": 3149699930> (evaluator.py:909)
2025-09-17 17:57:51,404 - MainThread - sqlmesh.core.snapshot.evaluator - INFO - Inserting batch (2025-09-05 00:00:00, 2025-09-11 00:00:00) into champions_league_data.sqlmesh__staging.staging__stg_ucl_squads__845206470' (evaluator.py:939)
2025-09-17 17:57:51,404 - MainThread - sqlmesh.core.engine_adapter.base - INFO - Executing SQL: /* SQLMESH_PLAN: fd4be7172d7844e19babcc9ae433d437 */ DESCRIBE "champions_league_data"."sqlmesh__staging"."staging__stg_ucl_squads__845206470" (base.py:2498)
2025-09-17 17:57:51,488 - MainThread - sqlmesh.core.engine_adapter.base - INFO - Executing SQL: /* SQLMESH_PLAN: fd4be7172d7844e19babcc9ae433d437 */ SELECT CURRENT_CATALOG() (base.py:2498)
2025-09-17 17:57:51,489 - MainThread - sqlmesh.core.engine_adapter.base - INFO - Executing SQL: /* SQLMESH_PLAN: fd4be7172d7844e19babcc9ae433d437 */ SELECT CURRENT_CATALOG() (base.py:2498)
2025-09-17 17:57:51,491 - MainThread - sqlmesh.core.engine_adapter.base - INFO - Executing SQL: /* SQLMESH_PLAN: fd4be7172d7844e19babcc9ae433d437 */ SELECT table_name AS name, table_schema AS schema, CASE table_type WHEN 'BASE TABLE' THEN 'table' WHEN 'VIEW' THEN 'view' WHEN 'LOCAL TEMPORARY' THEN 'table' END AS type FROM system.information_schema.tables WHERE (table_catalog = 'champions_league_data' AND table_schema = 'sqlmesh__staging') AND table_name IN ('staging__stg_ucl_squads__845206470') (base.py:2498)
2025-09-17 17:57:51,498 - MainThread - sqlmesh.core.engine_adapter.base - INFO - Executing SQL: /* SQLMESH_PLAN: fd4be7172d7844e19babcc9ae433d437 */ SELECT CURRENT_CATALOG() (base.py:2498)
2025-09-17 17:57:51,499 - MainThread - sqlmesh.core.engine_adapter.base - INFO - Executing SQL: /* SQLMESH_PLAN: fd4be7172d7844e19babcc9ae433d437 */ SELECT type FROM DUCKDB_DATABASES() WHERE database_name = 'champions_league_data' (base.py:2498)
2025-09-17 17:57:51,500 - MainThread - sqlmesh.core.engine_adapter.base - INFO - Executing SQL: /* SQLMESH_PLAN: fd4be7172d7844e19babcc9ae433d437 */ CREATE OR REPLACE TABLE "champions_league_data"."sqlmesh__staging"."staging__stg_ucl_squads__845206470" AS SELECT "team_id" AS "team_id", "player_id" AS "player_id", "player_name" AS "player_name", "player_position" AS "player_position", "player_nationality" AS "player_nationality", "player_shirtnumber" AS "player_shirt_number" FROM "champions_league_data"."main"."champions_league_team_squad" AS "champions_league_team_squad" (base.py:2498)
2025-09-17 17:57:51,635 - MainThread - sqlmesh.core.state_sync.db.facade - INFO - Adding interval (2025-09-05 00:00:00, 2025-09-11 00:00:00) for snapshot SnapshotId<"champions_league_data"."staging"."stg_ucl_squads": 3149699930> (facade.py:623)
2025-09-17 17:57:51,635 - MainThread - sqlmesh.core.state_sync.db.interval - INFO - Pushing intervals for snapshot SnapshotId<"champions_league_data"."staging"."stg_ucl_squads": 3149699930> (interval.py:214)
2025-09-17 17:57:51,986 - MainThread - sqlmesh.core.snapshot.evaluator - INFO - Evaluating snapshot SnapshotId<"champions_league_data"."snapshots"."ucl_squad_snapshot": 1983756147> (evaluator.py:700)
2025-09-17 17:57:51,987 - MainThread - sqlmesh.core.snapshot.evaluator - INFO - Inserting data for snapshot SnapshotId<"champions_league_data"."snapshots"."ucl_squad_snapshot": 1983756147> (evaluator.py:909)
2025-09-17 17:57:51,991 - MainThread - sqlmesh.core.snapshot.evaluator - INFO - Inserting batch (2025-08-01 00:00:00, 2025-09-01 00:00:00) into champions_league_data.sqlmesh__snapshots.snapshots__ucl_squad_snapshot__1422391636' (evaluator.py:939)
2025-09-17 17:57:51,991 - MainThread - sqlmesh.core.engine_adapter.base - INFO - Executing SQL: /* SQLMESH_PLAN: fd4be7172d7844e19babcc9ae433d437 */ DESCRIBE "champions_league_data"."sqlmesh__snapshots"."snapshots__ucl_squad_snapshot__1422391636" (base.py:2498)
2025-09-17 17:57:52,070 - MainThread - sqlmesh.core.engine_adapter.base - INFO - Executing SQL: /* SQLMESH_PLAN: fd4be7172d7844e19babcc9ae433d437 */ SELECT CURRENT_CATALOG() (base.py:2498)
2025-09-17 17:57:52,072 - MainThread - sqlmesh.core.engine_adapter.base - INFO - Executing SQL: /* SQLMESH_PLAN: fd4be7172d7844e19babcc9ae433d437 */ SELECT CURRENT_CATALOG() (base.py:2498)
2025-09-17 17:57:52,074 - MainThread - sqlmesh.core.engine_adapter.base - INFO - Executing SQL: /* SQLMESH_PLAN: fd4be7172d7844e19babcc9ae433d437 */ SELECT table_name AS name, table_schema AS schema, CASE table_type WHEN 'BASE TABLE' THEN 'table' WHEN 'VIEW' THEN 'view' WHEN 'LOCAL TEMPORARY' THEN 'table' END AS type FROM system.information_schema.tables WHERE (table_catalog = 'champions_league_data' AND table_schema = 'sqlmesh__snapshots') AND table_name IN ('snapshots__ucl_squad_snapshot__1422391636') (base.py:2498)
2025-09-17 17:57:52,078 - MainThread - sqlmesh.core.engine_adapter.base - INFO - Executing SQL: /* SQLMESH_PLAN: fd4be7172d7844e19babcc9ae433d437 */ SELECT CURRENT_CATALOG() (base.py:2498)
2025-09-17 17:57:52,078 - MainThread - sqlmesh.core.engine_adapter.base - INFO - Executing SQL: /* SQLMESH_PLAN: fd4be7172d7844e19babcc9ae433d437 */ SELECT type FROM DUCKDB_DATABASES() WHERE database_name = 'champions_league_data' (base.py:2498)
2025-09-17 17:57:52,079 - MainThread - sqlmesh.core.engine_adapter.base - INFO - Executing SQL: /* SQLMESH_PLAN: fd4be7172d7844e19babcc9ae433d437 */ CREATE OR REPLACE TABLE "champions_league_data"."sqlmesh__snapshots"."snapshots__ucl_squad_snapshot__1422391636" AS SELECT CURRENT_DATE AS "snapshot_date", "team_id" AS "team_id", "player_id" AS "player_id", "player_name" AS "player_name", "position" AS "position", "date_of_birth" AS "date_of_birth", "nationality" AS "nationality" FROM "champions_league_data"."sqlmesh__staging"."staging__stg_ucl_squads__845206470" AS "stg_ucl_squads" (base.py:2498)
2025-09-17 17:57:52,156 - MainThread - sqlmesh.core.scheduler - INFO - Execution failed for node EvaluateNode(snapshot_name='"champions_league_data"."snapshots"."ucl_squad_snapshot"', interval=(1754006400000, 1756684800000), batch_index=0) (scheduler.py:597)
Traceback (most recent call last):
  File "/Users/AaronHarkins/Python/SQLMesh_Motherduck/.venv/lib/python3.12/site-packages/sqlmesh/utils/concurrency.py", line 234, in sequential_apply_to_dag
    fn(node)
  File "/Users/AaronHarkins/Python/SQLMesh_Motherduck/.venv/lib/python3.12/site-packages/sqlmesh/core/scheduler.py", line 533, in run_node
    audit_results = self.evaluate(
                    ^^^^^^^^^^^^^^
  File "/Users/AaronHarkins/Python/SQLMesh_Motherduck/.venv/lib/python3.12/site-packages/sqlmesh/core/scheduler.py", line 229, in evaluate
    wap_id = self.snapshot_evaluator.evaluate(
             ^^^^^^^^^^^^^^^^^^^^^^^^^^^^^^^^^
  File "/Users/AaronHarkins/Python/SQLMesh_Motherduck/.venv/lib/python3.12/site-packages/sqlmesh/core/snapshot/evaluator.py", line 182, in evaluate
    result = self._evaluate_snapshot(
             ^^^^^^^^^^^^^^^^^^^^^^^^
  File "/Users/AaronHarkins/Python/SQLMesh_Motherduck/.venv/lib/python3.12/site-packages/sqlmesh/core/snapshot/evaluator.py", line 796, in _evaluate_snapshot
    self._render_and_insert_snapshot(
  File "/Users/AaronHarkins/Python/SQLMesh_Motherduck/.venv/lib/python3.12/site-packages/sqlmesh/core/snapshot/evaluator.py", line 989, in _render_and_insert_snapshot
    apply(query_or_df, index)
  File "/Users/AaronHarkins/Python/SQLMesh_Motherduck/.venv/lib/python3.12/site-packages/sqlmesh/core/snapshot/evaluator.py", line 945, in apply
    evaluation_strategy.insert(
  File "/Users/AaronHarkins/Python/SQLMesh_Motherduck/.venv/lib/python3.12/site-packages/sqlmesh/core/snapshot/evaluator.py", line 2002, in insert
    self._replace_query_for_model(model, table_name, query_or_df, render_kwargs, **kwargs)
  File "/Users/AaronHarkins/Python/SQLMesh_Motherduck/.venv/lib/python3.12/site-packages/sqlmesh/core/snapshot/evaluator.py", line 1878, in _replace_query_for_model
    self.adapter.replace_query(
  File "/Users/AaronHarkins/Python/SQLMesh_Motherduck/.venv/lib/python3.12/site-packages/sqlmesh/core/engine_adapter/shared.py", line 318, in internal_wrapper
    return func(*list_args, **kwargs)
           ^^^^^^^^^^^^^^^^^^^^^^^^^^
  File "/Users/AaronHarkins/Python/SQLMesh_Motherduck/.venv/lib/python3.12/site-packages/sqlmesh/core/engine_adapter/base.py", line 520, in replace_query
    return self._create_table_from_source_queries(
           ^^^^^^^^^^^^^^^^^^^^^^^^^^^^^^^^^^^^^^^
  File "/Users/AaronHarkins/Python/SQLMesh_Motherduck/.venv/lib/python3.12/site-packages/sqlmesh/core/engine_adapter/base.py", line 925, in _create_table_from_source_queries
    self._create_table(
  File "/Users/AaronHarkins/Python/SQLMesh_Motherduck/.venv/lib/python3.12/site-packages/sqlmesh/core/engine_adapter/duckdb.py", line 188, in _create_table
    super()._create_table(
  File "/Users/AaronHarkins/Python/SQLMesh_Motherduck/.venv/lib/python3.12/site-packages/sqlmesh/core/engine_adapter/base.py", line 968, in _create_table
    self.execute(
  File "/Users/AaronHarkins/Python/SQLMesh_Motherduck/.venv/lib/python3.12/site-packages/sqlmesh/core/engine_adapter/base.py", line 2475, in execute
    self._execute(sql, track_rows_processed, **kwargs)
  File "/Users/AaronHarkins/Python/SQLMesh_Motherduck/.venv/lib/python3.12/site-packages/sqlmesh/core/engine_adapter/base.py", line 2507, in _execute
    self.cursor.execute(sql, **kwargs)
duckdb.duckdb.BinderException: Binder Error: Column "position" referenced that exists in the SELECT clause - but this column cannot be referenced before it is defined

The above exception was the direct cause of the following exception:

sqlmesh.utils.concurrency.NodeExecutionFailedError: Execution failed for node EvaluateNode(snapshot_name='"champions_league_data"."snapshots"."ucl_squad_snapshot"', interval=(1754006400000, 1756684800000), batch_index=0)
2025-09-17 17:57:52,164 - MainThread - sqlmesh.core.context - INFO - Plan application failed. (context.py:1735)
Traceback (most recent call last):
  File "/Users/AaronHarkins/Python/SQLMesh_Motherduck/.venv/lib/python3.12/site-packages/sqlmesh/core/context.py", line 1727, in apply
    self._apply(plan, circuit_breaker)
  File "/Users/AaronHarkins/Python/SQLMesh_Motherduck/.venv/lib/python3.12/site-packages/sqlmesh/core/context.py", line 2519, in _apply
    self._scheduler.create_plan_evaluator(self).evaluate(
  File "/Users/AaronHarkins/Python/SQLMesh_Motherduck/.venv/lib/python3.12/site-packages/sqlmesh/core/plan/evaluator.py", line 105, in evaluate
    self._evaluate_stages(plan_stages, plan)
  File "/Users/AaronHarkins/Python/SQLMesh_Motherduck/.venv/lib/python3.12/site-packages/sqlmesh/core/plan/evaluator.py", line 125, in _evaluate_stages
    handler(stage, plan)
  File "/Users/AaronHarkins/Python/SQLMesh_Motherduck/.venv/lib/python3.12/site-packages/sqlmesh/core/plan/evaluator.py", line 263, in visit_backfill_stage
    raise PlanError("Plan application failed.")
sqlmesh.utils.errors.PlanError: Plan application failed.
2025-09-17 17:57:52,167 - MainThread - root - INFO - Shutting down the event dispatcher (dispatcher.py:159)
