2025-09-16 17:23:13,345 - MainThread - sqlmesh.core.config.connection - INFO - Creating new DuckDB adapter for data files: {'md:champions_league_data'} (connection.py:489)
2025-09-16 17:23:14,750 - MainThread - sqlmesh.core.config.connection - INFO - Creating new DuckDB adapter for in-memory database (connection.py:491)
2025-09-16 17:23:14,750 - ThreadPoolExecutor-0_0 - sqlmesh.core.console - WARNING - Model '"champions_league_data"."sqlmesh_example"."full_model"' was not found at /Users/AaronHarkins/Python/SQLMesh_Motherduck/tests/test_full_model.yaml (console.py:2260)
2025-09-16 17:23:14,752 - MainThread - sqlmesh.core.config.connection - INFO - Using existing DuckDB adapter due to overlapping data file: md:champions_league_data (connection.py:479)
2025-09-16 17:23:14,752 - MainThread - sqlmesh.core.console - WARNING - The motherduck engine is not recommended for storing SQLMesh state in production deployments. Please see https://sqlmesh.readthedocs.io/en/stable/guides/configuration/#state-connection for a list of recommended engines and more information. (console.py:2260)
2025-09-16 17:23:20,625 - MainThread - sqlmesh.core.plan.evaluator - INFO - Evaluating plan stage CreateSnapshotRecordsStage (evaluator.py:125)
2025-09-16 17:23:21,036 - MainThread - sqlmesh.core.plan.evaluator - INFO - Evaluating plan stage PhysicalLayerSchemaCreationStage (evaluator.py:125)
2025-09-16 17:23:21,037 - MainThread - sqlmesh.core.snapshot.evaluator - INFO - Creating schema 'champions_league_data.sqlmesh__staging' (evaluator.py:1360)
2025-09-16 17:23:21,037 - MainThread - sqlmesh.core.engine_adapter.base - INFO - Executing SQL: /* SQLMESH_PLAN: 12068cac1e934d6bb3108ef5910b4cc4 */ CREATE SCHEMA IF NOT EXISTS "champions_league_data"."sqlmesh__staging" (base.py:2466)
2025-09-16 17:23:21,081 - MainThread - sqlmesh.core.snapshot.evaluator - INFO - Creating schema 'champions_league_data.sqlmesh__facts' (evaluator.py:1360)
2025-09-16 17:23:21,081 - MainThread - sqlmesh.core.engine_adapter.base - INFO - Executing SQL: /* SQLMESH_PLAN: 12068cac1e934d6bb3108ef5910b4cc4 */ CREATE SCHEMA IF NOT EXISTS "champions_league_data"."sqlmesh__facts" (base.py:2466)
2025-09-16 17:23:21,188 - MainThread - sqlmesh.core.snapshot.evaluator - INFO - Creating schema 'champions_league_data.sqlmesh__snapshots' (evaluator.py:1360)
2025-09-16 17:23:21,189 - MainThread - sqlmesh.core.engine_adapter.base - INFO - Executing SQL: /* SQLMESH_PLAN: 12068cac1e934d6bb3108ef5910b4cc4 */ CREATE SCHEMA IF NOT EXISTS "champions_league_data"."sqlmesh__snapshots" (base.py:2466)
2025-09-16 17:23:21,229 - MainThread - sqlmesh.core.snapshot.evaluator - INFO - Creating schema 'champions_league_data.sqlmesh__intermediate' (evaluator.py:1360)
2025-09-16 17:23:21,230 - MainThread - sqlmesh.core.engine_adapter.base - INFO - Executing SQL: /* SQLMESH_PLAN: 12068cac1e934d6bb3108ef5910b4cc4 */ CREATE SCHEMA IF NOT EXISTS "champions_league_data"."sqlmesh__intermediate" (base.py:2466)
2025-09-16 17:23:21,270 - MainThread - sqlmesh.core.plan.evaluator - INFO - Evaluating plan stage PhysicalLayerUpdateStage (evaluator.py:125)
2025-09-16 17:23:21,274 - MainThread - sqlmesh.core.snapshot.evaluator - INFO - Listing data objects in schema champions_league_data.sqlmesh__snapshots (evaluator.py:1463)
2025-09-16 17:23:21,274 - MainThread - sqlmesh.core.engine_adapter.base - INFO - Executing SQL: /* SQLMESH_PLAN: 12068cac1e934d6bb3108ef5910b4cc4 */ SELECT CURRENT_CATALOG() (base.py:2466)
2025-09-16 17:23:21,275 - MainThread - sqlmesh.core.engine_adapter.base - INFO - Executing SQL: /* SQLMESH_PLAN: 12068cac1e934d6bb3108ef5910b4cc4 */ SELECT CURRENT_CATALOG() (base.py:2466)
2025-09-16 17:23:21,276 - MainThread - sqlmesh.core.engine_adapter.base - INFO - Executing SQL: /* SQLMESH_PLAN: 12068cac1e934d6bb3108ef5910b4cc4 */ SELECT table_name AS name, table_schema AS schema, CASE table_type WHEN 'BASE TABLE' THEN 'table' WHEN 'VIEW' THEN 'view' WHEN 'LOCAL TEMPORARY' THEN 'table' END AS type FROM system.information_schema.tables WHERE (table_catalog = 'champions_league_data' AND table_schema = 'sqlmesh__snapshots') AND table_name IN ('snapshots__ucl_squad_snapshot__2525434465', 'snapshots__ucl_team_snapshot__3185020588', 'snapshots__ucl_matches_snapshot__116872300') (base.py:2466)
2025-09-16 17:23:21,290 - MainThread - sqlmesh.core.snapshot.evaluator - INFO - Listing data objects in schema champions_league_data.sqlmesh__staging (evaluator.py:1463)
2025-09-16 17:23:21,291 - MainThread - sqlmesh.core.engine_adapter.base - INFO - Executing SQL: /* SQLMESH_PLAN: 12068cac1e934d6bb3108ef5910b4cc4 */ SELECT CURRENT_CATALOG() (base.py:2466)
2025-09-16 17:23:21,291 - MainThread - sqlmesh.core.engine_adapter.base - INFO - Executing SQL: /* SQLMESH_PLAN: 12068cac1e934d6bb3108ef5910b4cc4 */ SELECT CURRENT_CATALOG() (base.py:2466)
2025-09-16 17:23:21,292 - MainThread - sqlmesh.core.engine_adapter.base - INFO - Executing SQL: /* SQLMESH_PLAN: 12068cac1e934d6bb3108ef5910b4cc4 */ SELECT table_name AS name, table_schema AS schema, CASE table_type WHEN 'BASE TABLE' THEN 'table' WHEN 'VIEW' THEN 'view' WHEN 'LOCAL TEMPORARY' THEN 'table' END AS type FROM system.information_schema.tables WHERE (table_catalog = 'champions_league_data' AND table_schema = 'sqlmesh__staging') AND table_name IN ('staging__stg_ucl_matches__1679965645', 'staging__stg_ucl_squads__1660759538', 'staging__stg_ucl_teams__1922017101', 'staging__stg_ucl_latlong__3331770713') (base.py:2466)
2025-09-16 17:23:21,294 - MainThread - sqlmesh.core.snapshot.evaluator - INFO - Listing data objects in schema champions_league_data.sqlmesh__intermediate (evaluator.py:1463)
2025-09-16 17:23:21,294 - MainThread - sqlmesh.core.engine_adapter.base - INFO - Executing SQL: /* SQLMESH_PLAN: 12068cac1e934d6bb3108ef5910b4cc4 */ SELECT CURRENT_CATALOG() (base.py:2466)
2025-09-16 17:23:21,295 - MainThread - sqlmesh.core.engine_adapter.base - INFO - Executing SQL: /* SQLMESH_PLAN: 12068cac1e934d6bb3108ef5910b4cc4 */ SELECT CURRENT_CATALOG() (base.py:2466)
2025-09-16 17:23:21,295 - MainThread - sqlmesh.core.engine_adapter.base - INFO - Executing SQL: /* SQLMESH_PLAN: 12068cac1e934d6bb3108ef5910b4cc4 */ SELECT table_name AS name, table_schema AS schema, CASE table_type WHEN 'BASE TABLE' THEN 'table' WHEN 'VIEW' THEN 'view' WHEN 'LOCAL TEMPORARY' THEN 'table' END AS type FROM system.information_schema.tables WHERE (table_catalog = 'champions_league_data' AND table_schema = 'sqlmesh__intermediate') AND table_name IN ('intermediate__int_ucl_teams__2148090398', 'intermediate__int_ucl_matches__3192354904') (base.py:2466)
2025-09-16 17:23:21,298 - MainThread - sqlmesh.core.snapshot.evaluator - INFO - Listing data objects in schema champions_league_data.sqlmesh__facts (evaluator.py:1463)
2025-09-16 17:23:21,298 - MainThread - sqlmesh.core.engine_adapter.base - INFO - Executing SQL: /* SQLMESH_PLAN: 12068cac1e934d6bb3108ef5910b4cc4 */ SELECT CURRENT_CATALOG() (base.py:2466)
2025-09-16 17:23:21,298 - MainThread - sqlmesh.core.engine_adapter.base - INFO - Executing SQL: /* SQLMESH_PLAN: 12068cac1e934d6bb3108ef5910b4cc4 */ SELECT CURRENT_CATALOG() (base.py:2466)
2025-09-16 17:23:21,299 - MainThread - sqlmesh.core.engine_adapter.base - INFO - Executing SQL: /* SQLMESH_PLAN: 12068cac1e934d6bb3108ef5910b4cc4 */ SELECT table_name AS name, table_schema AS schema, CASE table_type WHEN 'BASE TABLE' THEN 'table' WHEN 'VIEW' THEN 'view' WHEN 'LOCAL TEMPORARY' THEN 'table' END AS type FROM system.information_schema.tables WHERE (table_catalog = 'champions_league_data' AND table_schema = 'sqlmesh__facts') AND table_name IN ('facts__fct_ucl_league_standings__2752468') (base.py:2466)
2025-09-16 17:23:21,302 - MainThread - sqlmesh.core.snapshot.evaluator - INFO - Creating a physical table for snapshot SnapshotId<"champions_league_data"."snapshots"."ucl_matches_snapshot": 2131375225> (evaluator.py:838)
2025-09-16 17:23:21,315 - MainThread - sqlmesh.core.snapshot.evaluator - INFO - Creating table 'champions_league_data.sqlmesh__snapshots.snapshots__ucl_matches_snapshot__116872300' (evaluator.py:1768)
2025-09-16 17:23:21,315 - MainThread - sqlmesh.core.engine_adapter.base - INFO - Executing SQL: /* SQLMESH_PLAN: 12068cac1e934d6bb3108ef5910b4cc4 */ SELECT CURRENT_CATALOG() (base.py:2466)
2025-09-16 17:23:21,316 - MainThread - sqlmesh.core.engine_adapter.base - INFO - Executing SQL: /* SQLMESH_PLAN: 12068cac1e934d6bb3108ef5910b4cc4 */ SELECT type FROM DUCKDB_DATABASES() WHERE database_name = 'champions_league_data' (base.py:2466)
2025-09-16 17:23:21,319 - MainThread - sqlmesh.core.engine_adapter.base - INFO - Executing SQL: /* SQLMESH_PLAN: 12068cac1e934d6bb3108ef5910b4cc4 */ CREATE TABLE IF NOT EXISTS "champions_league_data"."sqlmesh__snapshots"."snapshots__ucl_matches_snapshot__116872300" AS SELECT CURRENT_DATE AS "snapshot_date", "int_ucl_matches"."competition_id" AS "competition_id", "int_ucl_matches"."competition_name" AS "competition_name", "int_ucl_matches"."competition_code" AS "competition_code", "int_ucl_matches"."season_id" AS "season_id", "int_ucl_matches"."season_start_date" AS "season_start_date", "int_ucl_matches"."season_end_date" AS "season_end_date", "int_ucl_matches"."season_current_matchday" AS "season_current_matchday", "int_ucl_matches"."match_id" AS "match_id", "int_ucl_matches"."match_datetime_est" AS "match_datetime_est", "int_ucl_matches"."match_status" AS "match_status", "int_ucl_matches"."matchday" AS "matchday", "int_ucl_matches"."stage" AS "stage", "int_ucl_matches"."group" AS "group", "int_ucl_matches"."lastupdated" AS "lastupdated", "int_ucl_matches"."hometeam_id" AS "hometeam_id", "int_ucl_matches"."hometeam_name" AS "hometeam_name", "int_ucl_matches"."hometeam_shortname" AS "hometeam_shortname", "int_ucl_matches"."hometeam_tla" AS "hometeam_tla", "int_ucl_matches"."awayteam_id" AS "awayteam_id", "int_ucl_matches"."awayteam_name" AS "awayteam_name", "int_ucl_matches"."awayteam_shortname" AS "awayteam_shortname", "int_ucl_matches"."awayteam_tla" AS "awayteam_tla", "int_ucl_matches"."score_winner" AS "score_winner", "int_ucl_matches"."score_duration" AS "score_duration", "int_ucl_matches"."score_fulltime_home" AS "score_fulltime_home", "int_ucl_matches"."score_fulltime_away" AS "score_fulltime_away", "int_ucl_matches"."score_halftime_home" AS "score_halftime_home", "int_ucl_matches"."score_halftime_away" AS "score_halftime_away", "int_ucl_matches"."referees" AS "referees", "int_ucl_matches"."hometeam_latitude" AS "hometeam_latitude", "int_ucl_matches"."hometeam_longitude" AS "hometeam_longitude", "int_ucl_matches"."awayteam_latitude" AS "awayteam_latitude", "int_ucl_matches"."awayteam_longitude" AS "awayteam_longitude", "int_ucl_matches"."hometeam_european_rank" AS "hometeam_european_rank", "int_ucl_matches"."awayteam_european_rank" AS "awayteam_european_rank", "int_ucl_matches"."hometeam_ucl_rank" AS "hometeam_ucl_rank", "int_ucl_matches"."awayteam_ucl_rank" AS "awayteam_ucl_rank", "int_ucl_matches"."distance_in_miles" AS "distance_in_miles" FROM "champions_league_data"."sqlmesh__intermediate"."intermediate__int_ucl_matches__3192354904" AS "int_ucl_matches" WHERE ("int_ucl_matches"."match_datetime_est" < CURRENT_DATE AND "int_ucl_matches"."match_status" = 'FINISHED') AND FALSE LIMIT 0 (base.py:2466)
2025-09-16 17:23:21,417 - MainThread - sqlmesh.core.snapshot.evaluator - INFO - Creating a physical table for snapshot SnapshotId<"champions_league_data"."snapshots"."ucl_squad_snapshot": 1844639733> (evaluator.py:838)
2025-09-16 17:23:21,422 - MainThread - sqlmesh.core.snapshot.evaluator - INFO - Creating table 'champions_league_data.sqlmesh__snapshots.snapshots__ucl_squad_snapshot__2525434465' (evaluator.py:1768)
2025-09-16 17:23:21,422 - MainThread - sqlmesh.core.engine_adapter.base - INFO - Executing SQL: /* SQLMESH_PLAN: 12068cac1e934d6bb3108ef5910b4cc4 */ SELECT CURRENT_CATALOG() (base.py:2466)
2025-09-16 17:23:21,423 - MainThread - sqlmesh.core.engine_adapter.base - INFO - Executing SQL: /* SQLMESH_PLAN: 12068cac1e934d6bb3108ef5910b4cc4 */ SELECT type FROM DUCKDB_DATABASES() WHERE database_name = 'champions_league_data' (base.py:2466)
2025-09-16 17:23:21,424 - MainThread - sqlmesh.core.engine_adapter.base - INFO - Executing SQL: /* SQLMESH_PLAN: 12068cac1e934d6bb3108ef5910b4cc4 */ CREATE TABLE IF NOT EXISTS "champions_league_data"."sqlmesh__snapshots"."snapshots__ucl_squad_snapshot__2525434465" AS SELECT CURRENT_DATE AS "snapshot_date", "stg_ucl_squads"."team_id" AS "team_id", "stg_ucl_squads"."team_name" AS "team_name", "stg_ucl_squads"."player_id" AS "player_id", "stg_ucl_squads"."player_name" AS "player_name", "stg_ucl_squads"."position" AS "position", "stg_ucl_squads"."date_of_birth" AS "date_of_birth", "stg_ucl_squads"."nationality" AS "nationality" FROM "champions_league_data"."sqlmesh__staging"."staging__stg_ucl_squads__1660759538" AS "stg_ucl_squads" WHERE FALSE LIMIT 0 (base.py:2466)
2025-09-16 17:23:21,516 - MainThread - sqlmesh.core.snapshot.evaluator - INFO - Creating a physical table for snapshot SnapshotId<"champions_league_data"."snapshots"."ucl_team_snapshot": 1446165300> (evaluator.py:838)
2025-09-16 17:23:21,524 - MainThread - sqlmesh.core.snapshot.evaluator - INFO - Creating table 'champions_league_data.sqlmesh__snapshots.snapshots__ucl_team_snapshot__3185020588' (evaluator.py:1768)
2025-09-16 17:23:21,524 - MainThread - sqlmesh.core.engine_adapter.base - INFO - Executing SQL: /* SQLMESH_PLAN: 12068cac1e934d6bb3108ef5910b4cc4 */ SELECT CURRENT_CATALOG() (base.py:2466)
2025-09-16 17:23:21,525 - MainThread - sqlmesh.core.engine_adapter.base - INFO - Executing SQL: /* SQLMESH_PLAN: 12068cac1e934d6bb3108ef5910b4cc4 */ SELECT type FROM DUCKDB_DATABASES() WHERE database_name = 'champions_league_data' (base.py:2466)
2025-09-16 17:23:21,526 - MainThread - sqlmesh.core.engine_adapter.base - INFO - Executing SQL: /* SQLMESH_PLAN: 12068cac1e934d6bb3108ef5910b4cc4 */ CREATE TABLE IF NOT EXISTS "champions_league_data"."sqlmesh__snapshots"."snapshots__ucl_team_snapshot__3185020588" AS SELECT CURRENT_DATE AS "snapshot_date", "int_ucl_teams"."area_name" AS "area_name", "int_ucl_teams"."team_id" AS "team_id", "int_ucl_teams"."team_name" AS "team_name", "int_ucl_teams"."team_short_name" AS "team_short_name", "int_ucl_teams"."team_tla" AS "team_tla", "int_ucl_teams"."team_address" AS "team_address", "int_ucl_teams"."team_venue" AS "team_venue", "int_ucl_teams"."coach_id" AS "coach_id", "int_ucl_teams"."coach_first_name" AS "coach_first_name", "int_ucl_teams"."coach_last_name" AS "coach_last_name", "int_ucl_teams"."coach_name" AS "coach_name", "int_ucl_teams"."coach_nationality" AS "coach_nationality", "int_ucl_teams"."coach_contract_start" AS "coach_contract_start", "int_ucl_teams"."coach_contract_until" AS "coach_contract_until", "int_ucl_teams"."lastupdated" AS "lastupdated", "int_ucl_teams"."latitude" AS "latitude", "int_ucl_teams"."longitude" AS "longitude", "int_ucl_teams"."european_rank" AS "european_rank", "int_ucl_teams"."ucl_rank" AS "ucl_rank" FROM "champions_league_data"."sqlmesh__intermediate"."intermediate__int_ucl_teams__2148090398" AS "int_ucl_teams" WHERE FALSE LIMIT 0 (base.py:2466)
2025-09-16 17:23:21,619 - MainThread - sqlmesh.core.plan.evaluator - INFO - Evaluating plan stage BackfillStage (evaluator.py:125)
2025-09-16 17:23:21,620 - MainThread - sqlmesh.core.plan.evaluator - INFO - Evaluating plan stage EnvironmentRecordUpdateStage (evaluator.py:125)
2025-09-16 17:23:21,620 - MainThread - sqlmesh.core.state_sync.db.facade - INFO - Promoting environment 'prod' (facade.py:165)
2025-09-16 17:23:22,162 - MainThread - sqlmesh.core.plan.evaluator - INFO - Evaluating plan stage UnpauseStage (evaluator.py:125)
2025-09-16 17:23:22,307 - MainThread - sqlmesh.core.plan.evaluator - INFO - Evaluating plan stage VirtualLayerUpdateStage (evaluator.py:125)
2025-09-16 17:23:22,309 - MainThread - sqlmesh.core.snapshot.evaluator - INFO - Creating schema 'champions_league_data.snapshots' (evaluator.py:1360)
2025-09-16 17:23:22,310 - MainThread - sqlmesh.core.engine_adapter.base - INFO - Executing SQL: /* SQLMESH_PLAN: 12068cac1e934d6bb3108ef5910b4cc4 */ CREATE SCHEMA IF NOT EXISTS "champions_league_data"."snapshots" (base.py:2466)
2025-09-16 17:23:22,354 - MainThread - sqlmesh.core.snapshot.evaluator - INFO - Updating view 'champions_league_data.snapshots.ucl_matches_snapshot' to point at table 'champions_league_data.sqlmesh__snapshots.snapshots__ucl_matches_snapshot__116872300' (evaluator.py:1732)
2025-09-16 17:23:22,355 - MainThread - sqlmesh.core.engine_adapter.base - INFO - Executing SQL: /* SQLMESH_PLAN: 12068cac1e934d6bb3108ef5910b4cc4 */ SELECT CURRENT_CATALOG() (base.py:2466)
2025-09-16 17:23:22,356 - MainThread - sqlmesh.core.engine_adapter.base - INFO - Executing SQL: /* SQLMESH_PLAN: 12068cac1e934d6bb3108ef5910b4cc4 */ SELECT CURRENT_CATALOG() (base.py:2466)
2025-09-16 17:23:22,358 - MainThread - sqlmesh.core.engine_adapter.base - INFO - Executing SQL: /* SQLMESH_PLAN: 12068cac1e934d6bb3108ef5910b4cc4 */ SELECT table_name AS name, table_schema AS schema, CASE table_type WHEN 'BASE TABLE' THEN 'table' WHEN 'VIEW' THEN 'view' WHEN 'LOCAL TEMPORARY' THEN 'table' END AS type FROM system.information_schema.tables WHERE (table_catalog = 'champions_league_data' AND table_schema = 'snapshots') AND table_name IN ('ucl_matches_snapshot') (base.py:2466)
2025-09-16 17:23:22,362 - MainThread - sqlmesh.core.engine_adapter.base - INFO - Executing SQL: /* SQLMESH_PLAN: 12068cac1e934d6bb3108ef5910b4cc4 */ CREATE OR REPLACE VIEW "champions_league_data"."snapshots"."ucl_matches_snapshot" AS SELECT * FROM "champions_league_data"."sqlmesh__snapshots"."snapshots__ucl_matches_snapshot__116872300" (base.py:2466)
2025-09-16 17:23:22,462 - MainThread - sqlmesh.core.snapshot.evaluator - INFO - Updating view 'champions_league_data.snapshots.ucl_squad_snapshot' to point at table 'champions_league_data.sqlmesh__snapshots.snapshots__ucl_squad_snapshot__2525434465' (evaluator.py:1732)
2025-09-16 17:23:22,463 - MainThread - sqlmesh.core.engine_adapter.base - INFO - Executing SQL: /* SQLMESH_PLAN: 12068cac1e934d6bb3108ef5910b4cc4 */ SELECT CURRENT_CATALOG() (base.py:2466)
2025-09-16 17:23:22,463 - MainThread - sqlmesh.core.engine_adapter.base - INFO - Executing SQL: /* SQLMESH_PLAN: 12068cac1e934d6bb3108ef5910b4cc4 */ SELECT CURRENT_CATALOG() (base.py:2466)
2025-09-16 17:23:22,464 - MainThread - sqlmesh.core.engine_adapter.base - INFO - Executing SQL: /* SQLMESH_PLAN: 12068cac1e934d6bb3108ef5910b4cc4 */ SELECT table_name AS name, table_schema AS schema, CASE table_type WHEN 'BASE TABLE' THEN 'table' WHEN 'VIEW' THEN 'view' WHEN 'LOCAL TEMPORARY' THEN 'table' END AS type FROM system.information_schema.tables WHERE (table_catalog = 'champions_league_data' AND table_schema = 'snapshots') AND table_name IN ('ucl_squad_snapshot') (base.py:2466)
2025-09-16 17:23:22,469 - MainThread - sqlmesh.core.engine_adapter.base - INFO - Executing SQL: /* SQLMESH_PLAN: 12068cac1e934d6bb3108ef5910b4cc4 */ CREATE OR REPLACE VIEW "champions_league_data"."snapshots"."ucl_squad_snapshot" AS SELECT * FROM "champions_league_data"."sqlmesh__snapshots"."snapshots__ucl_squad_snapshot__2525434465" (base.py:2466)
2025-09-16 17:23:22,567 - MainThread - sqlmesh.core.snapshot.evaluator - INFO - Updating view 'champions_league_data.snapshots.ucl_team_snapshot' to point at table 'champions_league_data.sqlmesh__snapshots.snapshots__ucl_team_snapshot__3185020588' (evaluator.py:1732)
2025-09-16 17:23:22,567 - MainThread - sqlmesh.core.engine_adapter.base - INFO - Executing SQL: /* SQLMESH_PLAN: 12068cac1e934d6bb3108ef5910b4cc4 */ SELECT CURRENT_CATALOG() (base.py:2466)
2025-09-16 17:23:22,568 - MainThread - sqlmesh.core.engine_adapter.base - INFO - Executing SQL: /* SQLMESH_PLAN: 12068cac1e934d6bb3108ef5910b4cc4 */ SELECT CURRENT_CATALOG() (base.py:2466)
2025-09-16 17:23:22,568 - MainThread - sqlmesh.core.engine_adapter.base - INFO - Executing SQL: /* SQLMESH_PLAN: 12068cac1e934d6bb3108ef5910b4cc4 */ SELECT table_name AS name, table_schema AS schema, CASE table_type WHEN 'BASE TABLE' THEN 'table' WHEN 'VIEW' THEN 'view' WHEN 'LOCAL TEMPORARY' THEN 'table' END AS type FROM system.information_schema.tables WHERE (table_catalog = 'champions_league_data' AND table_schema = 'snapshots') AND table_name IN ('ucl_team_snapshot') (base.py:2466)
2025-09-16 17:23:22,572 - MainThread - sqlmesh.core.engine_adapter.base - INFO - Executing SQL: /* SQLMESH_PLAN: 12068cac1e934d6bb3108ef5910b4cc4 */ CREATE OR REPLACE VIEW "champions_league_data"."snapshots"."ucl_team_snapshot" AS SELECT * FROM "champions_league_data"."sqlmesh__snapshots"."snapshots__ucl_team_snapshot__3185020588" (base.py:2466)
2025-09-16 17:23:22,672 - MainThread - sqlmesh.core.plan.evaluator - INFO - Evaluating plan stage FinalizeEnvironmentStage (evaluator.py:125)
2025-09-16 17:23:22,673 - MainThread - sqlmesh.core.state_sync.db.environment - INFO - Finalizing environment 'prod' (environment.py:141)
2025-09-16 17:23:22,763 - MainThread - root - INFO - Shutting down the event dispatcher (dispatcher.py:159)
